TpTrace Verbose: 0 : 3764, 1, 2025/02/28, 06:51:58.507, 411308503665, vstest.console.dll, Version: 17.12.0-release-24508-01 Current process architecture: ARM64
TpTrace Verbose: 0 : 3764, 1, 2025/02/28, 06:51:58.509, 411308538438, vstest.console.dll, Runtime location: C:\Program Files\dotnet\shared\Microsoft.NETCore.App\9.0.2
TpTrace Verbose: 0 : 3764, 1, 2025/02/28, 06:51:58.510, 411308567965, vstest.console.dll, ArtifactProcessingPostProcessModeProcessorExecutor.Initialize: ArtifactProcessingMode.Collect
TpTrace Verbose: 0 : 3764, 1, 2025/02/28, 06:51:58.510, 411308569293, vstest.console.dll, TestSessionCorrelationIdProcessorModeProcessorExecutor.Initialize: TestSessionCorrelationId '13016_e4e1cd00-4e5c-4a89-9691-21eab19e14ad'
TpTrace Information: 0 : 3764, 1, 2025/02/28, 06:51:58.514, 411308667751, vstest.console.dll, FilePatternParser: The given file C:\Users\erka\source\repos\calculator\CalculatorTest\bin\Debug\net8.0\fine-code-coverage\build-output\CalculatorTest.dll is a full path.
TpTrace Verbose: 0 : 3764, 1, 2025/02/28, 06:51:58.516, 411308724279, vstest.console.dll, TestPluginCache.DiscoverTestExtensions: finding test extensions in assemblies ends with: RuntimeProvider.dll TPluginInfo: Microsoft.VisualStudio.TestPlatform.Common.ExtensionFramework.Utilities.TestRuntimePluginInformation TExtension: Microsoft.VisualStudio.TestPlatform.ObjectModel.Host.ITestRuntimeProvider
TpTrace Verbose: 0 : 3764, 1, 2025/02/28, 06:51:58.517, 411308730506, vstest.console.dll, TestPluginCache.GetExtensionPaths: Filtered extension paths: 
TpTrace Verbose: 0 : 3764, 1, 2025/02/28, 06:51:58.517, 411308731867, vstest.console.dll, TestPluginCache.GetExtensionPaths: Added default extension paths: C:\Program Files\dotnet\sdk\9.0.200\Extensions\Microsoft.Diagnostics.NETCore.Client.dll
C:\Program Files\dotnet\sdk\9.0.200\Extensions\Microsoft.TestPlatform.Extensions.BlameDataCollector.dll
C:\Program Files\dotnet\sdk\9.0.200\Extensions\Microsoft.TestPlatform.Extensions.EventLogCollector.dll
C:\Program Files\dotnet\sdk\9.0.200\Extensions\Microsoft.TestPlatform.TestHostRuntimeProvider.dll
C:\Program Files\dotnet\sdk\9.0.200\Extensions\Microsoft.VisualStudio.TestPlatform.Extensions.Html.TestLogger.dll
C:\Program Files\dotnet\sdk\9.0.200\Extensions\Microsoft.VisualStudio.TestPlatform.Extensions.Trx.TestLogger.dll
TpTrace Verbose: 0 : 3764, 1, 2025/02/28, 06:51:58.517, 411308733151, vstest.console.dll, TestPluginCache.GetExtensionPaths: Added unfilterableExtensionPaths: 
TpTrace Information: 0 : 3764, 1, 2025/02/28, 06:51:58.517, 411308739029, vstest.console.dll, AssemblyResolver.ctor: Creating AssemblyResolver with searchDirectories C:\Program Files\dotnet\sdk\9.0.200\Extensions,C:\Program Files\dotnet\sdk\9.0.200
TpTrace Verbose: 0 : 3764, 1, 2025/02/28, 06:51:58.518, 411308754776, vstest.console.dll, TestPluginCache.DiscoverTestExtensions: Discovering the extensions using extension path.
TpTrace Verbose: 0 : 3764, 1, 2025/02/28, 06:51:58.518, 411308755881, vstest.console.dll, TestPluginCache.GetExtensionPaths: Filtered extension paths: 
TpTrace Verbose: 0 : 3764, 1, 2025/02/28, 06:51:58.518, 411308756437, vstest.console.dll, TestPluginCache.GetExtensionPaths: Added default extension paths: C:\Program Files\dotnet\sdk\9.0.200\Extensions\Microsoft.Diagnostics.NETCore.Client.dll
C:\Program Files\dotnet\sdk\9.0.200\Extensions\Microsoft.TestPlatform.Extensions.BlameDataCollector.dll
C:\Program Files\dotnet\sdk\9.0.200\Extensions\Microsoft.TestPlatform.Extensions.EventLogCollector.dll
C:\Program Files\dotnet\sdk\9.0.200\Extensions\Microsoft.TestPlatform.TestHostRuntimeProvider.dll
C:\Program Files\dotnet\sdk\9.0.200\Extensions\Microsoft.VisualStudio.TestPlatform.Extensions.Html.TestLogger.dll
C:\Program Files\dotnet\sdk\9.0.200\Extensions\Microsoft.VisualStudio.TestPlatform.Extensions.Trx.TestLogger.dll
TpTrace Verbose: 0 : 3764, 1, 2025/02/28, 06:51:58.518, 411308756912, vstest.console.dll, TestPluginCache.GetExtensionPaths: Added unfilterableExtensionPaths: 
TpTrace Verbose: 0 : 3764, 1, 2025/02/28, 06:51:58.518, 411308757687, vstest.console.dll, TestPluginCache.DiscoverTestExtensions: Discovering the extensions using allExtensionPaths: C:\Program Files\dotnet\sdk\9.0.200\Extensions\Microsoft.Diagnostics.NETCore.Client.dll
C:\Program Files\dotnet\sdk\9.0.200\Extensions\Microsoft.TestPlatform.Extensions.BlameDataCollector.dll
C:\Program Files\dotnet\sdk\9.0.200\Extensions\Microsoft.TestPlatform.Extensions.EventLogCollector.dll
C:\Program Files\dotnet\sdk\9.0.200\Extensions\Microsoft.TestPlatform.TestHostRuntimeProvider.dll
C:\Program Files\dotnet\sdk\9.0.200\Extensions\Microsoft.VisualStudio.TestPlatform.Extensions.Html.TestLogger.dll
C:\Program Files\dotnet\sdk\9.0.200\Extensions\Microsoft.VisualStudio.TestPlatform.Extensions.Trx.TestLogger.dll
TpTrace Information: 0 : 3764, 1, 2025/02/28, 06:51:58.518, 411308759369, vstest.console.dll, AssemblyResolver.AddSearchDirectories: Adding more searchDirectories C:\Program Files\dotnet\sdk\9.0.200\Extensions,C:\Program Files\dotnet\sdk\9.0.200
TpTrace Information: 0 : 3764, 1, 2025/02/28, 06:51:58.518, 411308760048, vstest.console.dll, AssemblyResolver.AddSearchDirectories: Adding more searchDirectories C:\Program Files\dotnet\sdk\9.0.200\Extensions,C:\Program Files\dotnet\sdk\9.0.200
TpTrace Information: 0 : 3764, 1, 2025/02/28, 06:51:58.518, 411308760565, vstest.console.dll, AssemblyResolver.AddSearchDirectories: Adding more searchDirectories C:\Program Files\dotnet\sdk\9.0.200\Extensions,C:\Program Files\dotnet\sdk\9.0.200
TpTrace Information: 0 : 3764, 1, 2025/02/28, 06:51:58.518, 411308761014, vstest.console.dll, AssemblyResolver.AddSearchDirectories: Adding more searchDirectories C:\Program Files\dotnet\sdk\9.0.200\Extensions,C:\Program Files\dotnet\sdk\9.0.200
TpTrace Information: 0 : 3764, 1, 2025/02/28, 06:51:58.518, 411308761452, vstest.console.dll, AssemblyResolver.AddSearchDirectories: Adding more searchDirectories C:\Program Files\dotnet\sdk\9.0.200\Extensions,C:\Program Files\dotnet\sdk\9.0.200
TpTrace Information: 0 : 3764, 1, 2025/02/28, 06:51:58.518, 411308761939, vstest.console.dll, AssemblyResolver.AddSearchDirectories: Adding more searchDirectories C:\Program Files\dotnet\sdk\9.0.200\Extensions,C:\Program Files\dotnet\sdk\9.0.200
TpTrace Information: 0 : 3764, 1, 2025/02/28, 06:51:58.518, 411308767265, vstest.console.dll, AssemblyResolver.OnResolve: Microsoft.Diagnostics.NETCore.Client: Resolving assembly.
TpTrace Information: 0 : 3764, 1, 2025/02/28, 06:51:58.518, 411308768158, vstest.console.dll, AssemblyResolver.OnResolve: Microsoft.Diagnostics.NETCore.Client: Searching in: 'C:\Program Files\dotnet\sdk\9.0.200\Extensions'.
TpTrace Information: 0 : 3764, 1, 2025/02/28, 06:51:58.523, 411308881039, vstest.console.dll, AssemblyResolver.OnResolve: Microsoft.Diagnostics.NETCore.Client: Loading assembly 'C:\Program Files\dotnet\sdk\9.0.200\Extensions\Microsoft.Diagnostics.NETCore.Client.dll'.
TpTrace Information: 0 : 3764, 1, 2025/02/28, 06:51:58.523, 411308888624, vstest.console.dll, AssemblyResolver.OnResolve: Resolved assembly: Microsoft.Diagnostics.NETCore.Client, from path: C:\Program Files\dotnet\sdk\9.0.200\Extensions\Microsoft.Diagnostics.NETCore.Client.dll
TpTrace Verbose: 0 : 3764, 1, 2025/02/28, 06:51:58.524, 411308898980, vstest.console.dll, MetadataReaderExtensionsHelper: Discovering extensions inside assembly 'Microsoft.Diagnostics.NETCore.Client, Version=0.2.10.41601, Culture=neutral, PublicKeyToken=31bf3856ad364e35' file path 'C:\Program Files\dotnet\sdk\9.0.200\Extensions\Microsoft.Diagnostics.NETCore.Client.dll'
TpTrace Information: 0 : 3764, 1, 2025/02/28, 06:51:58.525, 411308936687, vstest.console.dll, AssemblyResolver.OnResolve: Microsoft.Bcl.AsyncInterfaces: Resolving assembly.
TpTrace Information: 0 : 3764, 1, 2025/02/28, 06:51:58.525, 411308937694, vstest.console.dll, AssemblyResolver.OnResolve: Microsoft.Bcl.AsyncInterfaces: Searching in: 'C:\Program Files\dotnet\sdk\9.0.200\Extensions'.
TpTrace Information: 0 : 3764, 1, 2025/02/28, 06:51:58.525, 411308938510, vstest.console.dll, AssemblyResolver.OnResolve: Microsoft.Bcl.AsyncInterfaces: Assembly path does not exist: 'C:\Program Files\dotnet\sdk\9.0.200\Extensions\Microsoft.Bcl.AsyncInterfaces.dll', returning.
TpTrace Information: 0 : 3764, 1, 2025/02/28, 06:51:58.525, 411308939540, vstest.console.dll, AssemblyResolver.OnResolve: Microsoft.Bcl.AsyncInterfaces: Assembly path does not exist: 'C:\Program Files\dotnet\sdk\9.0.200\Extensions\Microsoft.Bcl.AsyncInterfaces.exe', returning.
TpTrace Information: 0 : 3764, 1, 2025/02/28, 06:51:58.525, 411308940147, vstest.console.dll, AssemblyResolver.OnResolve: Microsoft.Bcl.AsyncInterfaces: Searching in: 'C:\Program Files\dotnet\sdk\9.0.200'.
TpTrace Information: 0 : 3764, 1, 2025/02/28, 06:51:58.525, 411308940947, vstest.console.dll, AssemblyResolver.OnResolve: Microsoft.Bcl.AsyncInterfaces: Assembly path does not exist: 'C:\Program Files\dotnet\sdk\9.0.200\Microsoft.Bcl.AsyncInterfaces.dll', returning.
TpTrace Information: 0 : 3764, 1, 2025/02/28, 06:51:58.525, 411308941821, vstest.console.dll, AssemblyResolver.OnResolve: Microsoft.Bcl.AsyncInterfaces: Assembly path does not exist: 'C:\Program Files\dotnet\sdk\9.0.200\Microsoft.Bcl.AsyncInterfaces.exe', returning.
TpTrace Information: 0 : 3764, 1, 2025/02/28, 06:51:58.526, 411308942257, vstest.console.dll, AssemblyResolver.OnResolve: Microsoft.Bcl.AsyncInterfaces: Failed to load assembly.
TpTrace Verbose: 0 : 3764, 1, 2025/02/28, 06:51:58.526, 411308942836, vstest.console.dll, CurrentDomainAssemblyResolve: Resolving assembly 'Microsoft.Bcl.AsyncInterfaces'.
TpTrace Information: 0 : 3764, 1, 2025/02/28, 06:51:58.526, 411308943671, vstest.console.dll, AssemblyResolver.OnResolve: Microsoft.Bcl.AsyncInterfaces: Resolving assembly.
TpTrace Information: 0 : 3764, 1, 2025/02/28, 06:51:58.526, 411308944143, vstest.console.dll, AssemblyResolver.OnResolve: Microsoft.Bcl.AsyncInterfaces: Resolved from cache.
TpTrace Verbose: 0 : 3764, 1, 2025/02/28, 06:51:58.526, 411308944569, vstest.console.dll, CurrentDomainAssemblyResolve: Resolving assembly 'Microsoft.Bcl.AsyncInterfaces'.
TpTrace Verbose: 0 : 3764, 1, 2025/02/28, 06:51:58.526, 411308945051, vstest.console.dll, CurrentDomainAssemblyResolve: Failed to resolve assembly 'Microsoft.Bcl.AsyncInterfaces'.
TpTrace Verbose: 0 : 3764, 1, 2025/02/28, 06:51:58.526, 411308953980, vstest.console.dll, CurrentDomainAssemblyResolve: Failed to resolve assembly 'Microsoft.Bcl.AsyncInterfaces'.
TpTrace Warning: 0 : 3764, 1, 2025/02/28, 06:51:58.530, 411309046334, vstest.console.dll, TestPluginDiscoverer: Failed to get types from assembly 'Microsoft.Diagnostics.NETCore.Client, Version=0.2.10.41601, Culture=neutral, PublicKeyToken=31bf3856ad364e35'. Error: System.Reflection.ReflectionTypeLoadException: Unable to load one or more of the requested types.
Could not load file or assembly 'Microsoft.Bcl.AsyncInterfaces, Version=6.0.0.0, Culture=neutral, PublicKeyToken=cc7b13ffcd2ddd51'. The system cannot find the file specified.
   at System.Reflection.RuntimeModule.GetDefinedTypes()
   at System.Reflection.RuntimeModule.GetTypes()
   at Microsoft.VisualStudio.TestPlatform.Common.ExtensionFramework.TestPluginDiscoverer.GetTestExtensionsFromAssembly[TPluginInfo,TExtension](Assembly assembly, Dictionary`2 pluginInfos, String filePath) in /_/src/Microsoft.TestPlatform.Common/ExtensionFramework/TestPluginDiscoverer.cs:line 159
System.IO.FileNotFoundException: Could not load file or assembly 'Microsoft.Bcl.AsyncInterfaces, Version=6.0.0.0, Culture=neutral, PublicKeyToken=cc7b13ffcd2ddd51'. The system cannot find the file specified.
File name: 'Microsoft.Bcl.AsyncInterfaces, Version=6.0.0.0, Culture=neutral, PublicKeyToken=cc7b13ffcd2ddd51'
 ---> System.IO.FileNotFoundException: Could not load file or assembly 'Microsoft.Bcl.AsyncInterfaces, Culture=neutral, PublicKeyToken=null'. The system cannot find the file specified.
File name: 'Microsoft.Bcl.AsyncInterfaces, Culture=neutral, PublicKeyToken=null'
   at System.Reflection.RuntimeAssembly.InternalLoad(AssemblyName assemblyName, StackCrawlMark& stackMark, AssemblyLoadContext assemblyLoadContext, RuntimeAssembly requestingAssembly, Boolean throwOnFileNotFound)
   at System.Reflection.Assembly.Load(AssemblyName assemblyRef)
   at Microsoft.VisualStudio.TestPlatform.Common.ExtensionFramework.TestPluginCache.CurrentDomainAssemblyResolve(Object sender, AssemblyResolveEventArgs args) in /_/src/Microsoft.TestPlatform.Common/ExtensionFramework/TestPluginCache.cs:line 514
   at System.Runtime.Loader.AssemblyLoadContext.GetFirstResolvedAssemblyFromResolvingEvent(AssemblyName assemblyName)
   at System.Runtime.Loader.AssemblyLoadContext.ResolveUsingEvent(AssemblyName assemblyName)
   at System.Runtime.Loader.AssemblyLoadContext.ResolveUsingResolvingEvent(IntPtr gchManagedAssemblyLoadContext, AssemblyName assemblyName)
TpTrace Warning: 0 : 3764, 1, 2025/02/28, 06:51:58.530, 411309049760, vstest.console.dll, LoaderExceptions: System.IO.FileNotFoundException: Could not load file or assembly 'Microsoft.Bcl.AsyncInterfaces, Version=6.0.0.0, Culture=neutral, PublicKeyToken=cc7b13ffcd2ddd51'. The system cannot find the file specified.
File name: 'Microsoft.Bcl.AsyncInterfaces, Version=6.0.0.0, Culture=neutral, PublicKeyToken=cc7b13ffcd2ddd51'
 ---> System.IO.FileNotFoundException: Could not load file or assembly 'Microsoft.Bcl.AsyncInterfaces, Culture=neutral, PublicKeyToken=null'. The system cannot find the file specified.
File name: 'Microsoft.Bcl.AsyncInterfaces, Culture=neutral, PublicKeyToken=null'
   at System.Reflection.RuntimeAssembly.InternalLoad(AssemblyName assemblyName, StackCrawlMark& stackMark, AssemblyLoadContext assemblyLoadContext, RuntimeAssembly requestingAssembly, Boolean throwOnFileNotFound)
   at System.Reflection.Assembly.Load(AssemblyName assemblyRef)
   at Microsoft.VisualStudio.TestPlatform.Common.ExtensionFramework.TestPluginCache.CurrentDomainAssemblyResolve(Object sender, AssemblyResolveEventArgs args) in /_/src/Microsoft.TestPlatform.Common/ExtensionFramework/TestPluginCache.cs:line 514
   at System.Runtime.Loader.AssemblyLoadContext.GetFirstResolvedAssemblyFromResolvingEvent(AssemblyName assemblyName)
   at System.Runtime.Loader.AssemblyLoadContext.ResolveUsingEvent(AssemblyName assemblyName)
   at System.Runtime.Loader.AssemblyLoadContext.ResolveUsingResolvingEvent(IntPtr gchManagedAssemblyLoadContext, AssemblyName assemblyName)
TpTrace Information: 0 : 3764, 1, 2025/02/28, 06:51:58.530, 411309051340, vstest.console.dll, AssemblyResolver.OnResolve: Microsoft.TestPlatform.Extensions.BlameDataCollector: Resolving assembly.
TpTrace Information: 0 : 3764, 1, 2025/02/28, 06:51:58.530, 411309051884, vstest.console.dll, AssemblyResolver.OnResolve: Microsoft.TestPlatform.Extensions.BlameDataCollector: Searching in: 'C:\Program Files\dotnet\sdk\9.0.200\Extensions'.
TpTrace Information: 0 : 3764, 1, 2025/02/28, 06:51:58.530, 411309055329, vstest.console.dll, AssemblyResolver.OnResolve: Microsoft.TestPlatform.Extensions.BlameDataCollector: Loading assembly 'C:\Program Files\dotnet\sdk\9.0.200\Extensions\Microsoft.TestPlatform.Extensions.BlameDataCollector.dll'.
TpTrace Information: 0 : 3764, 1, 2025/02/28, 06:51:58.531, 411309062516, vstest.console.dll, AssemblyResolver.OnResolve: Resolved assembly: Microsoft.TestPlatform.Extensions.BlameDataCollector, from path: C:\Program Files\dotnet\sdk\9.0.200\Extensions\Microsoft.TestPlatform.Extensions.BlameDataCollector.dll
TpTrace Verbose: 0 : 3764, 1, 2025/02/28, 06:51:58.531, 411309063564, vstest.console.dll, MetadataReaderExtensionsHelper: Discovering extensions inside assembly 'Microsoft.TestPlatform.Extensions.BlameDataCollector, Version=15.0.0.0, Culture=neutral, PublicKeyToken=b03f5f7f11d50a3a' file path 'C:\Program Files\dotnet\sdk\9.0.200\Extensions\Microsoft.TestPlatform.Extensions.BlameDataCollector.dll'
TpTrace Information: 0 : 3764, 1, 2025/02/28, 06:51:58.531, 411309075258, vstest.console.dll, AssemblyResolver.OnResolve: Microsoft.TestPlatform.Extensions.EventLogCollector: Resolving assembly.
TpTrace Information: 0 : 3764, 1, 2025/02/28, 06:51:58.531, 411309075930, vstest.console.dll, AssemblyResolver.OnResolve: Microsoft.TestPlatform.Extensions.EventLogCollector: Searching in: 'C:\Program Files\dotnet\sdk\9.0.200\Extensions'.
TpTrace Information: 0 : 3764, 1, 2025/02/28, 06:51:58.531, 411309079130, vstest.console.dll, AssemblyResolver.OnResolve: Microsoft.TestPlatform.Extensions.EventLogCollector: Loading assembly 'C:\Program Files\dotnet\sdk\9.0.200\Extensions\Microsoft.TestPlatform.Extensions.EventLogCollector.dll'.
TpTrace Information: 0 : 3764, 1, 2025/02/28, 06:51:58.531, 411309083205, vstest.console.dll, AssemblyResolver.OnResolve: Resolved assembly: Microsoft.TestPlatform.Extensions.EventLogCollector, from path: C:\Program Files\dotnet\sdk\9.0.200\Extensions\Microsoft.TestPlatform.Extensions.EventLogCollector.dll
TpTrace Verbose: 0 : 3764, 1, 2025/02/28, 06:51:58.531, 411309083834, vstest.console.dll, MetadataReaderExtensionsHelper: Discovering extensions inside assembly 'Microsoft.TestPlatform.Extensions.EventLogCollector, Version=15.0.0.0, Culture=neutral, PublicKeyToken=b03f5f7f11d50a3a' file path 'C:\Program Files\dotnet\sdk\9.0.200\Extensions\Microsoft.TestPlatform.Extensions.EventLogCollector.dll'
TpTrace Information: 0 : 3764, 1, 2025/02/28, 06:51:58.532, 411309099331, vstest.console.dll, AssemblyResolver.OnResolve: Microsoft.TestPlatform.TestHostRuntimeProvider: Resolving assembly.
TpTrace Information: 0 : 3764, 1, 2025/02/28, 06:51:58.532, 411309099958, vstest.console.dll, AssemblyResolver.OnResolve: Microsoft.TestPlatform.TestHostRuntimeProvider: Searching in: 'C:\Program Files\dotnet\sdk\9.0.200\Extensions'.
TpTrace Information: 0 : 3764, 1, 2025/02/28, 06:51:58.532, 411309102654, vstest.console.dll, AssemblyResolver.OnResolve: Microsoft.TestPlatform.TestHostRuntimeProvider: Loading assembly 'C:\Program Files\dotnet\sdk\9.0.200\Extensions\Microsoft.TestPlatform.TestHostRuntimeProvider.dll'.
TpTrace Information: 0 : 3764, 1, 2025/02/28, 06:51:58.532, 411309108603, vstest.console.dll, AssemblyResolver.OnResolve: Resolved assembly: Microsoft.TestPlatform.TestHostRuntimeProvider, from path: C:\Program Files\dotnet\sdk\9.0.200\Extensions\Microsoft.TestPlatform.TestHostRuntimeProvider.dll
TpTrace Verbose: 0 : 3764, 1, 2025/02/28, 06:51:58.533, 411309114321, vstest.console.dll, MetadataReaderExtensionsHelper: Discovering extensions inside assembly 'Microsoft.TestPlatform.TestHostRuntimeProvider, Version=15.0.0.0, Culture=neutral, PublicKeyToken=b03f5f7f11d50a3a' file path 'C:\Program Files\dotnet\sdk\9.0.200\Extensions\Microsoft.TestPlatform.TestHostRuntimeProvider.dll'
TpTrace Information: 0 : 3764, 1, 2025/02/28, 06:51:58.533, 411309130771, vstest.console.dll, GetTestExtensionFromType: Register extension with identifier data 'HostProvider://DefaultTestHost' and type 'Microsoft.VisualStudio.TestPlatform.CrossPlatEngine.Hosting.DefaultTestHostManager, Microsoft.TestPlatform.TestHostRuntimeProvider, Version=15.0.0.0, Culture=neutral, PublicKeyToken=b03f5f7f11d50a3a' inside file 'C:\Program Files\dotnet\sdk\9.0.200\Extensions\Microsoft.TestPlatform.TestHostRuntimeProvider.dll'
TpTrace Information: 0 : 3764, 1, 2025/02/28, 06:51:58.533, 411309133401, vstest.console.dll, GetTestExtensionFromType: Register extension with identifier data 'HostProvider://DotnetTestHost' and type 'Microsoft.VisualStudio.TestPlatform.CrossPlatEngine.Hosting.DotnetTestHostManager, Microsoft.TestPlatform.TestHostRuntimeProvider, Version=15.0.0.0, Culture=neutral, PublicKeyToken=b03f5f7f11d50a3a' inside file 'C:\Program Files\dotnet\sdk\9.0.200\Extensions\Microsoft.TestPlatform.TestHostRuntimeProvider.dll'
TpTrace Information: 0 : 3764, 1, 2025/02/28, 06:51:58.534, 411309134379, vstest.console.dll, AssemblyResolver.OnResolve: Microsoft.VisualStudio.TestPlatform.Extensions.Html.TestLogger: Resolving assembly.
TpTrace Information: 0 : 3764, 1, 2025/02/28, 06:51:58.534, 411309135111, vstest.console.dll, AssemblyResolver.OnResolve: Microsoft.VisualStudio.TestPlatform.Extensions.Html.TestLogger: Searching in: 'C:\Program Files\dotnet\sdk\9.0.200\Extensions'.
TpTrace Information: 0 : 3764, 1, 2025/02/28, 06:51:58.534, 411309139353, vstest.console.dll, AssemblyResolver.OnResolve: Microsoft.VisualStudio.TestPlatform.Extensions.Html.TestLogger: Loading assembly 'C:\Program Files\dotnet\sdk\9.0.200\Extensions\Microsoft.VisualStudio.TestPlatform.Extensions.Html.TestLogger.dll'.
TpTrace Information: 0 : 3764, 1, 2025/02/28, 06:51:58.534, 411309146763, vstest.console.dll, AssemblyResolver.OnResolve: Resolved assembly: Microsoft.VisualStudio.TestPlatform.Extensions.Html.TestLogger, from path: C:\Program Files\dotnet\sdk\9.0.200\Extensions\Microsoft.VisualStudio.TestPlatform.Extensions.Html.TestLogger.dll
TpTrace Verbose: 0 : 3764, 1, 2025/02/28, 06:51:58.534, 411309147907, vstest.console.dll, MetadataReaderExtensionsHelper: Discovering extensions inside assembly 'Microsoft.VisualStudio.TestPlatform.Extensions.Html.TestLogger, Version=15.0.0.0, Culture=neutral, PublicKeyToken=b03f5f7f11d50a3a' file path 'C:\Program Files\dotnet\sdk\9.0.200\Extensions\Microsoft.VisualStudio.TestPlatform.Extensions.Html.TestLogger.dll'
TpTrace Information: 0 : 3764, 1, 2025/02/28, 06:51:58.535, 411309158055, vstest.console.dll, AssemblyResolver.OnResolve: Microsoft.VisualStudio.TestPlatform.Extensions.Trx.TestLogger: Resolving assembly.
TpTrace Information: 0 : 3764, 1, 2025/02/28, 06:51:58.535, 411309159720, vstest.console.dll, AssemblyResolver.OnResolve: Microsoft.VisualStudio.TestPlatform.Extensions.Trx.TestLogger: Searching in: 'C:\Program Files\dotnet\sdk\9.0.200\Extensions'.
TpTrace Information: 0 : 3764, 1, 2025/02/28, 06:51:58.535, 411309163280, vstest.console.dll, AssemblyResolver.OnResolve: Microsoft.VisualStudio.TestPlatform.Extensions.Trx.TestLogger: Loading assembly 'C:\Program Files\dotnet\sdk\9.0.200\Extensions\Microsoft.VisualStudio.TestPlatform.Extensions.Trx.TestLogger.dll'.
TpTrace Information: 0 : 3764, 1, 2025/02/28, 06:51:58.535, 411309171392, vstest.console.dll, AssemblyResolver.OnResolve: Resolved assembly: Microsoft.VisualStudio.TestPlatform.Extensions.Trx.TestLogger, from path: C:\Program Files\dotnet\sdk\9.0.200\Extensions\Microsoft.VisualStudio.TestPlatform.Extensions.Trx.TestLogger.dll
TpTrace Verbose: 0 : 3764, 1, 2025/02/28, 06:51:58.535, 411309172352, vstest.console.dll, MetadataReaderExtensionsHelper: Discovering extensions inside assembly 'Microsoft.VisualStudio.TestPlatform.Extensions.Trx.TestLogger, Version=15.0.0.0, Culture=neutral, PublicKeyToken=b03f5f7f11d50a3a' file path 'C:\Program Files\dotnet\sdk\9.0.200\Extensions\Microsoft.VisualStudio.TestPlatform.Extensions.Trx.TestLogger.dll'
TpTrace Verbose: 0 : 3764, 1, 2025/02/28, 06:51:58.536, 411309182627, vstest.console.dll, TestPluginCache: Discovered the extensions using extension path ''.
TpTrace Verbose: 0 : 3764, 1, 2025/02/28, 06:51:58.536, 411309183550, vstest.console.dll, TestPluginCache: Discoverers are ''.
TpTrace Verbose: 0 : 3764, 1, 2025/02/28, 06:51:58.536, 411309184133, vstest.console.dll, TestPluginCache: Executors are ''.
TpTrace Verbose: 0 : 3764, 1, 2025/02/28, 06:51:58.536, 411309184759, vstest.console.dll, TestPluginCache: Executors2 are ''.
TpTrace Verbose: 0 : 3764, 1, 2025/02/28, 06:51:58.536, 411309185499, vstest.console.dll, TestPluginCache: Setting providers are ''.
TpTrace Verbose: 0 : 3764, 1, 2025/02/28, 06:51:58.536, 411309186056, vstest.console.dll, TestPluginCache: Loggers are ''.
TpTrace Verbose: 0 : 3764, 1, 2025/02/28, 06:51:58.536, 411309187951, vstest.console.dll, TestPluginCache: TestHosts are 'HostProvider://DefaultTestHost,HostProvider://DotnetTestHost'.
TpTrace Verbose: 0 : 3764, 1, 2025/02/28, 06:51:58.536, 411309188489, vstest.console.dll, TestPluginCache: DataCollectors are ''.
TpTrace Information: 0 : 3764, 1, 2025/02/28, 06:51:58.541, 411309323312, vstest.console.dll, RunTestsArgumentProcessor:Execute: Test run is starting.
TpTrace Verbose: 0 : 3764, 1, 2025/02/28, 06:51:58.541, 411309324582, vstest.console.dll, RunTestsArgumentProcessor:Execute: Queuing Test run.
TpTrace Information: 0 : 3764, 1, 2025/02/28, 06:51:58.542, 411309327539, vstest.console.dll, TestRequestManager.RunTests: run tests started.
TpTrace Information: 0 : 3764, 1, 2025/02/28, 06:51:58.542, 411309342463, vstest.console.dll, AssemblyMetadataProvider.GetFrameworkName: Determined framework:'.NETCoreApp,Version=v8.0' for source: 'C:\Users\erka\source\repos\calculator\CalculatorTest\bin\Debug\net8.0\fine-code-coverage\build-output\CalculatorTest.dll'
TpTrace Information: 0 : 3764, 1, 2025/02/28, 06:51:58.542, 411309344619, vstest.console.dll, Determined framework for all sources: .NETCoreApp,Version=v8.0
TpTrace Verbose: 0 : 3764, 1, 2025/02/28, 06:51:58.542, 411309348713, vstest.console.dll, TestRequestManager.UpdateRunSettingsIfRequired: Default architecture: ARM64 IsDefaultTargetArchitecture: True, Current process architecture: ARM64 OperatingSystem: Windows.
TpTrace Information: 0 : 3764, 1, 2025/02/28, 06:51:58.543, 411309365035, vstest.console.dll, AssemblyMetadataProvider.GetArchitecture: Determined architecture:AnyCPU info for assembly: C:\Users\erka\source\repos\calculator\CalculatorTest\bin\Debug\net8.0\fine-code-coverage\build-output\CalculatorTest.dll
TpTrace Information: 0 : 3764, 1, 2025/02/28, 06:51:58.543, 411309366498, vstest.console.dll, Determined platform for source 'C:\Users\erka\source\repos\calculator\CalculatorTest\bin\Debug\net8.0\fine-code-coverage\build-output\CalculatorTest.dll' was AnyCPU and it will use the default plaform ARM64.
TpTrace Information: 0 : 3764, 1, 2025/02/28, 06:51:58.543, 411309368019, vstest.console.dll, None of the sources provided any runnable platform, using the default platform: ARM64
TpTrace Information: 0 : 3764, 1, 2025/02/28, 06:51:58.543, 411309370041, vstest.console.dll, Platform was updated to 'ARM64'.
TpTrace Information: 0 : 3764, 1, 2025/02/28, 06:51:58.545, 411309407599, vstest.console.dll, InferRunSettingsHelper.IsTestSettingsEnabled: Unable to navigate to RunSettings/MSTest. Current node: RunSettings
TpTrace Information: 0 : 3764, 1, 2025/02/28, 06:51:58.545, 411309414377, vstest.console.dll, AssemblyResolver.OnResolve: Microsoft.VisualStudio.TestPlatform.Fakes: Resolving assembly.
TpTrace Information: 0 : 3764, 1, 2025/02/28, 06:51:58.545, 411309415097, vstest.console.dll, AssemblyResolver.OnResolve: Microsoft.VisualStudio.TestPlatform.Fakes: Searching in: 'C:\Program Files\dotnet\sdk\9.0.200\Extensions'.
TpTrace Information: 0 : 3764, 1, 2025/02/28, 06:51:58.545, 411309416402, vstest.console.dll, AssemblyResolver.OnResolve: Microsoft.VisualStudio.TestPlatform.Fakes: Assembly path does not exist: 'C:\Program Files\dotnet\sdk\9.0.200\Extensions\Microsoft.VisualStudio.TestPlatform.Fakes.dll', returning.
TpTrace Information: 0 : 3764, 1, 2025/02/28, 06:51:58.545, 411309417240, vstest.console.dll, AssemblyResolver.OnResolve: Microsoft.VisualStudio.TestPlatform.Fakes: Assembly path does not exist: 'C:\Program Files\dotnet\sdk\9.0.200\Extensions\Microsoft.VisualStudio.TestPlatform.Fakes.exe', returning.
TpTrace Information: 0 : 3764, 1, 2025/02/28, 06:51:58.545, 411309417811, vstest.console.dll, AssemblyResolver.OnResolve: Microsoft.VisualStudio.TestPlatform.Fakes: Searching in: 'C:\Program Files\dotnet\sdk\9.0.200'.
TpTrace Information: 0 : 3764, 1, 2025/02/28, 06:51:58.545, 411309418705, vstest.console.dll, AssemblyResolver.OnResolve: Microsoft.VisualStudio.TestPlatform.Fakes: Assembly path does not exist: 'C:\Program Files\dotnet\sdk\9.0.200\Microsoft.VisualStudio.TestPlatform.Fakes.dll', returning.
TpTrace Information: 0 : 3764, 1, 2025/02/28, 06:51:58.545, 411309419477, vstest.console.dll, AssemblyResolver.OnResolve: Microsoft.VisualStudio.TestPlatform.Fakes: Assembly path does not exist: 'C:\Program Files\dotnet\sdk\9.0.200\Microsoft.VisualStudio.TestPlatform.Fakes.exe', returning.
TpTrace Information: 0 : 3764, 1, 2025/02/28, 06:51:58.545, 411309420063, vstest.console.dll, AssemblyResolver.OnResolve: Microsoft.VisualStudio.TestPlatform.Fakes: Failed to load assembly.
TpTrace Information: 0 : 3764, 1, 2025/02/28, 06:51:58.546, 411309424704, vstest.console.dll, Failed to load assembly Microsoft.VisualStudio.TestPlatform.Fakes, Version=17.0.0.0, Culture=neutral. Reason:System.IO.FileNotFoundException: Could not load file or assembly 'Microsoft.VisualStudio.TestPlatform.Fakes, Version=17.0.0.0, Culture=neutral, PublicKeyToken=null'. The system cannot find the file specified.
File name: 'Microsoft.VisualStudio.TestPlatform.Fakes, Version=17.0.0.0, Culture=neutral, PublicKeyToken=null'
   at System.Reflection.RuntimeAssembly.InternalLoad(AssemblyName assemblyName, StackCrawlMark& stackMark, AssemblyLoadContext assemblyLoadContext, RuntimeAssembly requestingAssembly, Boolean throwOnFileNotFound)
   at System.Reflection.Assembly.Load(AssemblyName assemblyRef)
   at Microsoft.VisualStudio.TestPlatform.Common.Utilities.FakesUtilities.LoadTestPlatformAssembly() in /_/src/Microsoft.TestPlatform.Common/Utilities/FakesUtilities.cs:line 273
TpTrace Verbose: 0 : 3764, 1, 2025/02/28, 06:51:58.547, 411309461294, vstest.console.dll, TestPluginCache.DiscoverTestExtensions: finding test extensions in assemblies ends with: TestLogger.dll TPluginInfo: Microsoft.VisualStudio.TestPlatform.Common.ExtensionFramework.Utilities.TestLoggerPluginInformation TExtension: Microsoft.VisualStudio.TestPlatform.ObjectModel.Client.ITestLogger
TpTrace Verbose: 0 : 3764, 1, 2025/02/28, 06:51:58.547, 411309462336, vstest.console.dll, TestPluginCache.GetExtensionPaths: Filtered extension paths: 
TpTrace Verbose: 0 : 3764, 1, 2025/02/28, 06:51:58.547, 411309462843, vstest.console.dll, TestPluginCache.GetExtensionPaths: Added default extension paths: C:\Program Files\dotnet\sdk\9.0.200\Extensions\Microsoft.Diagnostics.NETCore.Client.dll
C:\Program Files\dotnet\sdk\9.0.200\Extensions\Microsoft.TestPlatform.Extensions.BlameDataCollector.dll
C:\Program Files\dotnet\sdk\9.0.200\Extensions\Microsoft.TestPlatform.Extensions.EventLogCollector.dll
C:\Program Files\dotnet\sdk\9.0.200\Extensions\Microsoft.TestPlatform.TestHostRuntimeProvider.dll
C:\Program Files\dotnet\sdk\9.0.200\Extensions\Microsoft.VisualStudio.TestPlatform.Extensions.Html.TestLogger.dll
C:\Program Files\dotnet\sdk\9.0.200\Extensions\Microsoft.VisualStudio.TestPlatform.Extensions.Trx.TestLogger.dll
TpTrace Verbose: 0 : 3764, 1, 2025/02/28, 06:51:58.547, 411309463390, vstest.console.dll, TestPluginCache.GetExtensionPaths: Added unfilterableExtensionPaths: 
TpTrace Information: 0 : 3764, 1, 2025/02/28, 06:51:58.547, 411309464513, vstest.console.dll, AssemblyResolver.AddSearchDirectories: Adding more searchDirectories C:\Program Files\dotnet\sdk\9.0.200\Extensions,C:\Program Files\dotnet\sdk\9.0.200
TpTrace Verbose: 0 : 3764, 1, 2025/02/28, 06:51:58.547, 411309465057, vstest.console.dll, TestPluginCache.DiscoverTestExtensions: Discovering the extensions using extension path.
TpTrace Verbose: 0 : 3764, 1, 2025/02/28, 06:51:58.547, 411309465728, vstest.console.dll, TestPluginCache.GetExtensionPaths: Filtered extension paths: 
TpTrace Verbose: 0 : 3764, 1, 2025/02/28, 06:51:58.547, 411309466189, vstest.console.dll, TestPluginCache.GetExtensionPaths: Added default extension paths: C:\Program Files\dotnet\sdk\9.0.200\Extensions\Microsoft.Diagnostics.NETCore.Client.dll
C:\Program Files\dotnet\sdk\9.0.200\Extensions\Microsoft.TestPlatform.Extensions.BlameDataCollector.dll
C:\Program Files\dotnet\sdk\9.0.200\Extensions\Microsoft.TestPlatform.Extensions.EventLogCollector.dll
C:\Program Files\dotnet\sdk\9.0.200\Extensions\Microsoft.TestPlatform.TestHostRuntimeProvider.dll
C:\Program Files\dotnet\sdk\9.0.200\Extensions\Microsoft.VisualStudio.TestPlatform.Extensions.Html.TestLogger.dll
C:\Program Files\dotnet\sdk\9.0.200\Extensions\Microsoft.VisualStudio.TestPlatform.Extensions.Trx.TestLogger.dll
TpTrace Verbose: 0 : 3764, 1, 2025/02/28, 06:51:58.547, 411309466651, vstest.console.dll, TestPluginCache.GetExtensionPaths: Added unfilterableExtensionPaths: 
TpTrace Verbose: 0 : 3764, 1, 2025/02/28, 06:51:58.547, 411309467349, vstest.console.dll, TestPluginCache.DiscoverTestExtensions: Discovering the extensions using allExtensionPaths: C:\Program Files\dotnet\sdk\9.0.200\Extensions\Microsoft.Diagnostics.NETCore.Client.dll
C:\Program Files\dotnet\sdk\9.0.200\Extensions\Microsoft.TestPlatform.Extensions.BlameDataCollector.dll
C:\Program Files\dotnet\sdk\9.0.200\Extensions\Microsoft.TestPlatform.Extensions.EventLogCollector.dll
C:\Program Files\dotnet\sdk\9.0.200\Extensions\Microsoft.TestPlatform.TestHostRuntimeProvider.dll
C:\Program Files\dotnet\sdk\9.0.200\Extensions\Microsoft.VisualStudio.TestPlatform.Extensions.Html.TestLogger.dll
C:\Program Files\dotnet\sdk\9.0.200\Extensions\Microsoft.VisualStudio.TestPlatform.Extensions.Trx.TestLogger.dll
TpTrace Information: 0 : 3764, 1, 2025/02/28, 06:51:58.547, 411309468542, vstest.console.dll, AssemblyResolver.AddSearchDirectories: Adding more searchDirectories C:\Program Files\dotnet\sdk\9.0.200\Extensions,C:\Program Files\dotnet\sdk\9.0.200
TpTrace Information: 0 : 3764, 1, 2025/02/28, 06:51:58.547, 411309469416, vstest.console.dll, AssemblyResolver.AddSearchDirectories: Adding more searchDirectories C:\Program Files\dotnet\sdk\9.0.200\Extensions,C:\Program Files\dotnet\sdk\9.0.200
TpTrace Information: 0 : 3764, 1, 2025/02/28, 06:51:58.548, 411309469888, vstest.console.dll, AssemblyResolver.AddSearchDirectories: Adding more searchDirectories C:\Program Files\dotnet\sdk\9.0.200\Extensions,C:\Program Files\dotnet\sdk\9.0.200
TpTrace Information: 0 : 3764, 1, 2025/02/28, 06:51:58.548, 411309470336, vstest.console.dll, AssemblyResolver.AddSearchDirectories: Adding more searchDirectories C:\Program Files\dotnet\sdk\9.0.200\Extensions,C:\Program Files\dotnet\sdk\9.0.200
TpTrace Information: 0 : 3764, 1, 2025/02/28, 06:51:58.548, 411309470871, vstest.console.dll, AssemblyResolver.AddSearchDirectories: Adding more searchDirectories C:\Program Files\dotnet\sdk\9.0.200\Extensions,C:\Program Files\dotnet\sdk\9.0.200
TpTrace Information: 0 : 3764, 1, 2025/02/28, 06:51:58.548, 411309471319, vstest.console.dll, AssemblyResolver.AddSearchDirectories: Adding more searchDirectories C:\Program Files\dotnet\sdk\9.0.200\Extensions,C:\Program Files\dotnet\sdk\9.0.200
TpTrace Verbose: 0 : 3764, 1, 2025/02/28, 06:51:58.548, 411309472253, vstest.console.dll, MetadataReaderExtensionsHelper: Discovering extensions inside assembly 'Microsoft.Diagnostics.NETCore.Client, Version=0.2.10.41601, Culture=neutral, PublicKeyToken=31bf3856ad364e35' file path 'C:\Program Files\dotnet\sdk\9.0.200\Extensions\Microsoft.Diagnostics.NETCore.Client.dll'
TpTrace Information: 0 : 3764, 1, 2025/02/28, 06:51:58.548, 411309479388, vstest.console.dll, AssemblyResolver.OnResolve: Microsoft.Bcl.AsyncInterfaces: Resolving assembly.
TpTrace Information: 0 : 3764, 1, 2025/02/28, 06:51:58.548, 411309480093, vstest.console.dll, AssemblyResolver.OnResolve: Microsoft.Bcl.AsyncInterfaces: Resolved from cache.
TpTrace Verbose: 0 : 3764, 1, 2025/02/28, 06:51:58.548, 411309480554, vstest.console.dll, CurrentDomainAssemblyResolve: Resolving assembly 'Microsoft.Bcl.AsyncInterfaces'.
TpTrace Information: 0 : 3764, 1, 2025/02/28, 06:51:58.548, 411309481115, vstest.console.dll, AssemblyResolver.OnResolve: Microsoft.Bcl.AsyncInterfaces: Resolving assembly.
TpTrace Information: 0 : 3764, 1, 2025/02/28, 06:51:58.548, 411309481556, vstest.console.dll, AssemblyResolver.OnResolve: Microsoft.Bcl.AsyncInterfaces: Resolved from cache.
TpTrace Verbose: 0 : 3764, 1, 2025/02/28, 06:51:58.548, 411309481984, vstest.console.dll, CurrentDomainAssemblyResolve: Resolving assembly 'Microsoft.Bcl.AsyncInterfaces'.
TpTrace Verbose: 0 : 3764, 1, 2025/02/28, 06:51:58.548, 411309482409, vstest.console.dll, CurrentDomainAssemblyResolve: Failed to resolve assembly 'Microsoft.Bcl.AsyncInterfaces'.
TpTrace Verbose: 0 : 3764, 1, 2025/02/28, 06:51:58.548, 411309484011, vstest.console.dll, CurrentDomainAssemblyResolve: Failed to resolve assembly 'Microsoft.Bcl.AsyncInterfaces'.
TpTrace Warning: 0 : 3764, 1, 2025/02/28, 06:51:58.548, 411309487900, vstest.console.dll, TestPluginDiscoverer: Failed to get types from assembly 'Microsoft.Diagnostics.NETCore.Client, Version=0.2.10.41601, Culture=neutral, PublicKeyToken=31bf3856ad364e35'. Error: System.Reflection.ReflectionTypeLoadException: Unable to load one or more of the requested types.
Could not load file or assembly 'Microsoft.Bcl.AsyncInterfaces, Version=6.0.0.0, Culture=neutral, PublicKeyToken=cc7b13ffcd2ddd51'. The system cannot find the file specified.
   at System.Reflection.RuntimeModule.GetDefinedTypes()
   at System.Reflection.RuntimeModule.GetTypes()
   at Microsoft.VisualStudio.TestPlatform.Common.ExtensionFramework.TestPluginDiscoverer.GetTestExtensionsFromAssembly[TPluginInfo,TExtension](Assembly assembly, Dictionary`2 pluginInfos, String filePath) in /_/src/Microsoft.TestPlatform.Common/ExtensionFramework/TestPluginDiscoverer.cs:line 159
System.IO.FileNotFoundException: Could not load file or assembly 'Microsoft.Bcl.AsyncInterfaces, Version=6.0.0.0, Culture=neutral, PublicKeyToken=cc7b13ffcd2ddd51'. The system cannot find the file specified.
File name: 'Microsoft.Bcl.AsyncInterfaces, Version=6.0.0.0, Culture=neutral, PublicKeyToken=cc7b13ffcd2ddd51'
 ---> System.IO.FileNotFoundException: Could not load file or assembly 'Microsoft.Bcl.AsyncInterfaces, Culture=neutral, PublicKeyToken=null'. The system cannot find the file specified.
File name: 'Microsoft.Bcl.AsyncInterfaces, Culture=neutral, PublicKeyToken=null'
   at System.Reflection.RuntimeAssembly.InternalLoad(AssemblyName assemblyName, StackCrawlMark& stackMark, AssemblyLoadContext assemblyLoadContext, RuntimeAssembly requestingAssembly, Boolean throwOnFileNotFound)
   at System.Reflection.Assembly.Load(AssemblyName assemblyRef)
   at Microsoft.VisualStudio.TestPlatform.Common.ExtensionFramework.TestPluginCache.CurrentDomainAssemblyResolve(Object sender, AssemblyResolveEventArgs args) in /_/src/Microsoft.TestPlatform.Common/ExtensionFramework/TestPluginCache.cs:line 514
   at System.Runtime.Loader.AssemblyLoadContext.GetFirstResolvedAssemblyFromResolvingEvent(AssemblyName assemblyName)
   at System.Runtime.Loader.AssemblyLoadContext.ResolveUsingEvent(AssemblyName assemblyName)
   at System.Runtime.Loader.AssemblyLoadContext.ResolveUsingResolvingEvent(IntPtr gchManagedAssemblyLoadContext, AssemblyName assemblyName)
TpTrace Warning: 0 : 3764, 1, 2025/02/28, 06:51:58.548, 411309490219, vstest.console.dll, LoaderExceptions: System.IO.FileNotFoundException: Could not load file or assembly 'Microsoft.Bcl.AsyncInterfaces, Version=6.0.0.0, Culture=neutral, PublicKeyToken=cc7b13ffcd2ddd51'. The system cannot find the file specified.
File name: 'Microsoft.Bcl.AsyncInterfaces, Version=6.0.0.0, Culture=neutral, PublicKeyToken=cc7b13ffcd2ddd51'
 ---> System.IO.FileNotFoundException: Could not load file or assembly 'Microsoft.Bcl.AsyncInterfaces, Culture=neutral, PublicKeyToken=null'. The system cannot find the file specified.
File name: 'Microsoft.Bcl.AsyncInterfaces, Culture=neutral, PublicKeyToken=null'
   at System.Reflection.RuntimeAssembly.InternalLoad(AssemblyName assemblyName, StackCrawlMark& stackMark, AssemblyLoadContext assemblyLoadContext, RuntimeAssembly requestingAssembly, Boolean throwOnFileNotFound)
   at System.Reflection.Assembly.Load(AssemblyName assemblyRef)
   at Microsoft.VisualStudio.TestPlatform.Common.ExtensionFramework.TestPluginCache.CurrentDomainAssemblyResolve(Object sender, AssemblyResolveEventArgs args) in /_/src/Microsoft.TestPlatform.Common/ExtensionFramework/TestPluginCache.cs:line 514
   at System.Runtime.Loader.AssemblyLoadContext.GetFirstResolvedAssemblyFromResolvingEvent(AssemblyName assemblyName)
   at System.Runtime.Loader.AssemblyLoadContext.ResolveUsingEvent(AssemblyName assemblyName)
   at System.Runtime.Loader.AssemblyLoadContext.ResolveUsingResolvingEvent(IntPtr gchManagedAssemblyLoadContext, AssemblyName assemblyName)
TpTrace Verbose: 0 : 3764, 1, 2025/02/28, 06:51:58.548, 411309491209, vstest.console.dll, MetadataReaderExtensionsHelper: Discovering extensions inside assembly 'Microsoft.TestPlatform.Extensions.BlameDataCollector, Version=15.0.0.0, Culture=neutral, PublicKeyToken=b03f5f7f11d50a3a' file path 'C:\Program Files\dotnet\sdk\9.0.200\Extensions\Microsoft.TestPlatform.Extensions.BlameDataCollector.dll'
TpTrace Information: 0 : 3764, 1, 2025/02/28, 06:51:58.549, 411309498538, vstest.console.dll, GetTestExtensionFromType: Register extension with identifier data 'logger://Microsoft/TestPlatform/Extensions/Blame/v1' and type 'Microsoft.TestPlatform.Extensions.BlameDataCollector.BlameLogger, Microsoft.TestPlatform.Extensions.BlameDataCollector, Version=15.0.0.0, Culture=neutral, PublicKeyToken=b03f5f7f11d50a3a' inside file 'C:\Program Files\dotnet\sdk\9.0.200\Extensions\Microsoft.TestPlatform.Extensions.BlameDataCollector.dll'
TpTrace Verbose: 0 : 3764, 1, 2025/02/28, 06:51:58.549, 411309500257, vstest.console.dll, MetadataReaderExtensionsHelper: Discovering extensions inside assembly 'Microsoft.TestPlatform.Extensions.EventLogCollector, Version=15.0.0.0, Culture=neutral, PublicKeyToken=b03f5f7f11d50a3a' file path 'C:\Program Files\dotnet\sdk\9.0.200\Extensions\Microsoft.TestPlatform.Extensions.EventLogCollector.dll'
TpTrace Verbose: 0 : 3764, 1, 2025/02/28, 06:51:58.549, 411309504710, vstest.console.dll, MetadataReaderExtensionsHelper: Discovering extensions inside assembly 'Microsoft.TestPlatform.TestHostRuntimeProvider, Version=15.0.0.0, Culture=neutral, PublicKeyToken=b03f5f7f11d50a3a' file path 'C:\Program Files\dotnet\sdk\9.0.200\Extensions\Microsoft.TestPlatform.TestHostRuntimeProvider.dll'
TpTrace Verbose: 0 : 3764, 1, 2025/02/28, 06:51:58.549, 411309507488, vstest.console.dll, MetadataReaderExtensionsHelper: Discovering extensions inside assembly 'Microsoft.VisualStudio.TestPlatform.Extensions.Html.TestLogger, Version=15.0.0.0, Culture=neutral, PublicKeyToken=b03f5f7f11d50a3a' file path 'C:\Program Files\dotnet\sdk\9.0.200\Extensions\Microsoft.VisualStudio.TestPlatform.Extensions.Html.TestLogger.dll'
TpTrace Information: 0 : 3764, 1, 2025/02/28, 06:51:58.549, 411309511939, vstest.console.dll, GetTestExtensionFromType: Register extension with identifier data 'logger://Microsoft/TestPlatform/HtmlLogger/v1' and type 'Microsoft.VisualStudio.TestPlatform.Extensions.HtmlLogger.HtmlLogger, Microsoft.VisualStudio.TestPlatform.Extensions.Html.TestLogger, Version=15.0.0.0, Culture=neutral, PublicKeyToken=b03f5f7f11d50a3a' inside file 'C:\Program Files\dotnet\sdk\9.0.200\Extensions\Microsoft.VisualStudio.TestPlatform.Extensions.Html.TestLogger.dll'
TpTrace Verbose: 0 : 3764, 1, 2025/02/28, 06:51:58.549, 411309512655, vstest.console.dll, MetadataReaderExtensionsHelper: Discovering extensions inside assembly 'Microsoft.VisualStudio.TestPlatform.Extensions.Trx.TestLogger, Version=15.0.0.0, Culture=neutral, PublicKeyToken=b03f5f7f11d50a3a' file path 'C:\Program Files\dotnet\sdk\9.0.200\Extensions\Microsoft.VisualStudio.TestPlatform.Extensions.Trx.TestLogger.dll'
TpTrace Information: 0 : 3764, 1, 2025/02/28, 06:51:58.549, 411309515624, vstest.console.dll, GetTestExtensionFromType: Register extension with identifier data 'logger://Microsoft/TestPlatform/TrxLogger/v1' and type 'Microsoft.VisualStudio.TestPlatform.Extensions.TrxLogger.TrxLogger, Microsoft.VisualStudio.TestPlatform.Extensions.Trx.TestLogger, Version=15.0.0.0, Culture=neutral, PublicKeyToken=b03f5f7f11d50a3a' inside file 'C:\Program Files\dotnet\sdk\9.0.200\Extensions\Microsoft.VisualStudio.TestPlatform.Extensions.Trx.TestLogger.dll'
TpTrace Verbose: 0 : 3764, 1, 2025/02/28, 06:51:58.549, 411309516420, vstest.console.dll, TestPluginCache: Discovered the extensions using extension path ''.
TpTrace Verbose: 0 : 3764, 1, 2025/02/28, 06:51:58.549, 411309516925, vstest.console.dll, TestPluginCache: Discoverers are ''.
TpTrace Verbose: 0 : 3764, 1, 2025/02/28, 06:51:58.549, 411309517647, vstest.console.dll, TestPluginCache: Executors are ''.
TpTrace Verbose: 0 : 3764, 1, 2025/02/28, 06:51:58.550, 411309518070, vstest.console.dll, TestPluginCache: Executors2 are ''.
TpTrace Verbose: 0 : 3764, 1, 2025/02/28, 06:51:58.550, 411309518487, vstest.console.dll, TestPluginCache: Setting providers are ''.
TpTrace Verbose: 0 : 3764, 1, 2025/02/28, 06:51:58.550, 411309519324, vstest.console.dll, TestPluginCache: Loggers are 'logger://Microsoft/TestPlatform/Extensions/Blame/v1,logger://Microsoft/TestPlatform/HtmlLogger/v1,logger://Microsoft/TestPlatform/TrxLogger/v1'.
TpTrace Verbose: 0 : 3764, 1, 2025/02/28, 06:51:58.550, 411309519868, vstest.console.dll, TestPluginCache: TestHosts are 'HostProvider://DefaultTestHost,HostProvider://DotnetTestHost'.
TpTrace Verbose: 0 : 3764, 1, 2025/02/28, 06:51:58.550, 411309520335, vstest.console.dll, TestPluginCache: DataCollectors are ''.
TpTrace Information: 0 : 3764, 1, 2025/02/28, 06:51:58.550, 411309527402, vstest.console.dll, TestPluginManager.CreateTestExtension: Attempting to load test extension: Microsoft.TestPlatform.Extensions.BlameDataCollector.BlameLogger
TpTrace Verbose: 0 : 3764, 1, 2025/02/28, 06:51:58.553, 411309606658, vstest.console.dll, TestEngine: Initializing Parallel Execution as MaxCpuCount is set to: 1
TpTrace Information: 0 : 3764, 1, 2025/02/28, 06:51:58.554, 411309622001, vstest.console.dll, TestPluginManager.CreateTestExtension: Attempting to load test extension: Microsoft.VisualStudio.TestPlatform.CrossPlatEngine.Hosting.DefaultTestHostManager
TpTrace Information: 0 : 3764, 1, 2025/02/28, 06:51:58.554, 411309630381, vstest.console.dll, TestPluginManager.CreateTestExtension: Attempting to load test extension: Microsoft.VisualStudio.TestPlatform.CrossPlatEngine.Hosting.DotnetTestHostManager
TpTrace Verbose: 0 : 3764, 1, 2025/02/28, 06:51:58.554, 411309632386, vstest.console.dll, TestHostManagerCallbacks.ctor: Forwarding output is enabled.
TpTrace Information: 0 : 3764, 1, 2025/02/28, 06:51:58.554, 411309636610, vstest.console.dll, InferRunSettingsHelper.IsTestSettingsEnabled: Unable to navigate to RunSettings/MSTest. Current node: RunSettings
TpTrace Verbose: 0 : 3764, 1, 2025/02/28, 06:51:58.555, 411309644933, vstest.console.dll, ParallelOperationManager.ClearSlots: Clearing all slots. Slots should accept more work: True
TpTrace Verbose: 0 : 3764, 1, 2025/02/28, 06:51:58.555, 411309649943, vstest.console.dll, ParallelOperationManager.SetOccupiedSlotCount: Setting slot counts AvailableSlotCount = 1, OccupiedSlotCount = 0.
TpTrace Verbose: 0 : 3764, 1, 2025/02/28, 06:51:58.555, 411309653472, vstest.console.dll, Occupied slots:

TpTrace Verbose: 0 : 3764, 1, 2025/02/28, 06:51:58.556, 411309680354, vstest.console.dll, TestEngine.GetExecutionManager: Chosen execution manager 'Microsoft.VisualStudio.TestPlatform.CrossPlatEngine.Client.Parallel.ParallelProxyExecutionManager, Microsoft.TestPlatform.CrossPlatEngine, Version=15.0.0.0, Culture=neutral, PublicKeyToken=b03f5f7f11d50a3a' ParallelLevel '1'.
TpTrace Verbose: 0 : 3764, 1, 2025/02/28, 06:51:58.556, 411309681772, vstest.console.dll, TestPlatform.GetSkipDefaultAdapters: Not skipping default adapters SkipDefaultAdapters was false.
TpTrace Verbose: 0 : 3764, 1, 2025/02/28, 06:51:58.556, 411309682962, vstest.console.dll, TestRunRequest.ExecuteAsync: Creating test run request.
TpTrace Verbose: 0 : 3764, 1, 2025/02/28, 06:51:58.557, 411309686018, vstest.console.dll, TestRunRequest.ExecuteAsync: Starting.
TpTrace Information: 0 : 3764, 1, 2025/02/28, 06:51:58.558, 411309717534, vstest.console.dll, TestRunRequest.ExecuteAsync: Starting run with settings:TestRunCriteria:
   KeepAlive=False,FrequencyOfRunStatsChangeEvent=10,RunStatsChangeEventTimeout=00:00:01.5000000,TestCaseFilter=,TestExecutorLauncher=
   Settingsxml=<RunSettings>
  <RunConfiguration>
    <ResultsDirectory>C:\Users\erka\source\repos\calculator\CalculatorTest\bin\Debug\net8.0\fine-code-coverage\coverage-tool-output</ResultsDirectory>
    <TargetPlatform>ARM64</TargetPlatform>
    <TargetFrameworkVersion>.NETCoreApp,Version=v8.0</TargetFrameworkVersion>
    <DesignMode>False</DesignMode>
    <CollectSourceInformation>False</CollectSourceInformation>
  </RunConfiguration>
  <LoggerRunSettings>
    <Loggers>
      <Logger friendlyName="blame" enabled="True" />
      <Logger friendlyName="Console" uri="logger://microsoft/TestPlatform/ConsoleLogger/v1" assemblyQualifiedName="Microsoft.VisualStudio.TestPlatform.CommandLine.Internal.ConsoleLogger, vstest.console, Version=15.0.0.0, Culture=neutral, PublicKeyToken=b03f5f7f11d50a3a" codeBase="C:\Program Files\dotnet\sdk\9.0.200\vstest.console.dll" enabled="True" />
    </Loggers>
  </LoggerRunSettings>
  <DataCollectionRunSettings>
    <DataCollectors>
      <DataCollector friendlyName="blame" enabled="True">
        <Configuration>
          <ResultsDirectory>C:\Users\erka\source\repos\calculator\CalculatorTest\bin\Debug\net8.0\fine-code-coverage\coverage-tool-output</ResultsDirectory>
        </Configuration>
      </DataCollector>
    </DataCollectors>
  </DataCollectionRunSettings>
</RunSettings>

TpTrace Verbose: 0 : 3764, 1, 2025/02/28, 06:51:58.558, 411309718732, vstest.console.dll, TestRunRequest.ExecuteAsync: Wait for the first run request is over.
TpTrace Verbose: 0 : 3764, 1, 2025/02/28, 06:51:58.558, 411309725786, vstest.console.dll, MulticastDelegateUtilities.SafeInvoke: TestRun.TestRunStart: Invoking callbacks was skipped because there are no subscribers.
TpTrace Verbose: 0 : 3764, 4, 2025/02/28, 06:51:58.558, 411309730122, vstest.console.dll, MulticastDelegateUtilities.SafeInvoke: InternalTestLoggerEvents.SendTestRunStart: Invoking callback 1/1 for Microsoft.VisualStudio.TestPlatform.CommandLine.Internal.ConsoleLogger., took 0 ms.
TpTrace Verbose: 0 : 3764, 1, 2025/02/28, 06:51:58.559, 411309742481, vstest.console.dll, ParallelProxyExecutionManager: Start execution. Total sources: 1
TpTrace Verbose: 0 : 3764, 1, 2025/02/28, 06:51:58.559, 411309745785, vstest.console.dll, ParallelOperationManager.StartWork: Starting adding 1 workloads.
TpTrace Verbose: 0 : 3764, 1, 2025/02/28, 06:51:58.559, 411309746714, vstest.console.dll, ParallelOperationManager.ClearSlots: Clearing all slots. Slots should accept more work: True
TpTrace Verbose: 0 : 3764, 1, 2025/02/28, 06:51:58.559, 411309747625, vstest.console.dll, ParallelOperationManager.SetOccupiedSlotCount: Setting slot counts AvailableSlotCount = 1, OccupiedSlotCount = 0.
TpTrace Verbose: 0 : 3764, 1, 2025/02/28, 06:51:58.559, 411309748110, vstest.console.dll, Occupied slots:

TpTrace Verbose: 0 : 3764, 1, 2025/02/28, 06:51:58.560, 411309761070, vstest.console.dll, TestHostManagerCallbacks.ctor: Forwarding output is enabled.
TpTrace Verbose: 0 : 3764, 1, 2025/02/28, 06:51:58.560, 411309763068, vstest.console.dll, TestRequestSender is acting as server.
TpTrace Verbose: 0 : 3764, 1, 2025/02/28, 06:51:58.560, 411309775966, vstest.console.dll, ParallelOperationManager.RunWorkInParallel: Adding 1 workload to slot, remaining workloads 0.
TpTrace Verbose: 0 : 3764, 1, 2025/02/28, 06:51:58.560, 411309776601, vstest.console.dll, ParallelOperationManager.SetOccupiedSlotCount: Setting slot counts AvailableSlotCount = 0, OccupiedSlotCount = 1.
TpTrace Verbose: 0 : 3764, 1, 2025/02/28, 06:51:58.560, 411309777748, vstest.console.dll, Occupied slots:
0: C:\Users\erka\source\repos\calculator\CalculatorTest\bin\Debug\net8.0\fine-code-coverage\build-output\CalculatorTest.dll
TpTrace Verbose: 0 : 3764, 1, 2025/02/28, 06:51:58.561, 411309788872, vstest.console.dll, ParallelOperationManager.RunWorkInParallel: Started host in slot number 0 for work (source): C:\Users\erka\source\repos\calculator\CalculatorTest\bin\Debug\net8.0\fine-code-coverage\build-output\CalculatorTest.dll.
TpTrace Verbose: 0 : 3764, 1, 2025/02/28, 06:51:58.562, 411309808709, vstest.console.dll, ParallelOperationManager.RunWorkInParallel: We started 1 work items, which is the max parallel level. Won't start more work.
TpTrace Verbose: 0 : 3764, 1, 2025/02/28, 06:51:58.562, 411309810378, vstest.console.dll, ParallelOperationManager.RunWorkInParallel: We started 1 work items in here, returning True.
TpTrace Information: 0 : 3764, 1, 2025/02/28, 06:51:58.562, 411309812866, vstest.console.dll, TestRunRequest.ExecuteAsync: Started.
TpTrace Verbose: 0 : 3764, 5, 2025/02/28, 06:51:58.562, 411309808726, vstest.console.dll, ParallelProxyExecutionManager.StartTestRunOnConcurrentManager: Initializing uninitialized client. Started clients: 0
TpTrace Verbose: 0 : 3764, 5, 2025/02/28, 06:51:58.562, 411309816573, vstest.console.dll, DataCollectionRequestSender.InitializeCommunication : Initialize communication. 
TpTrace Verbose: 0 : 3764, 1, 2025/02/28, 06:51:58.562, 411309821361, vstest.console.dll, TestRunRequest.WaitForCompletion: Waiting with timeout -1.
TpTrace Information: 0 : 3764, 5, 2025/02/28, 06:51:58.566, 411309916310, vstest.console.dll, Listening on Endpoint : 127.0.0.1:51406
TpTrace Verbose: 0 : 3764, 5, 2025/02/28, 06:51:58.569, 411309982878, vstest.console.dll, DotnetDataCollectionLauncher: Adding  --runtimeconfig "C:\Program Files\dotnet\sdk\9.0.200\datacollector.runtimeconfig.json" in args
TpTrace Verbose: 0 : 3764, 5, 2025/02/28, 06:51:58.569, 411309984105, vstest.console.dll, DotnetDataCollectionLauncher: Adding  --depsfile "C:\Program Files\dotnet\sdk\9.0.200\datacollector.deps.json" in args
TpTrace Verbose: 0 : 3764, 5, 2025/02/28, 06:51:58.569, 411309989812, vstest.console.dll, DotnetDataCollectionLauncher: Full path of dotnet.exe is C:\Program Files\dotnet\dotnet.exe
TpTrace Information: 0 : 3764, 5, 2025/02/28, 06:51:58.574, 411310107099, vstest.console.dll, ProxyDataCollectionManager.Initialize: Launched datacollector processId: 10992 port: 51406
TpTrace Information: 0 : 3764, 5, 2025/02/28, 06:51:58.574, 411310108830, vstest.console.dll, ProxyDataCollectionManager.Initialize: waiting for connection with timeout: 90 seconds
TpTrace Verbose: 0 : 3764, 5, 2025/02/28, 06:51:58.574, 411310109827, vstest.console.dll, DataCollectionRequestSender.WaitForRequestHandlerConnection : Waiting for connection with timeout: 90000
TpTrace Information: 0 : 3764, 9, 2025/02/28, 06:51:58.656, 411312066034, vstest.console.dll, Using the buffer size of 16384 bytes
TpTrace Information: 0 : 3764, 9, 2025/02/28, 06:51:58.656, 411312068830, vstest.console.dll, Accepted Client request and set the flag
TpTrace Verbose: 0 : 3764, 5, 2025/02/28, 06:51:58.656, 411312067459, vstest.console.dll, SocketCommunicationManager.WaitForClientConnection took: 81 ms, with 90000 ms timeout, and finished with True.
TpTrace Verbose: 0 : 3764, 5, 2025/02/28, 06:51:58.656, 411312073798, vstest.console.dll, ProxyDataCollectionManager.InvokeDataCollectionServiceAction: Starting.
TpTrace Information: 0 : 3764, 5, 2025/02/28, 06:51:58.656, 411312076123, vstest.console.dll, ProxyDataCollectionManager.BeforeTestRunStart: Get environment variable and port for datacollector processId: 10992 port: 51406
TpTrace Verbose: 0 : 3764, 5, 2025/02/28, 06:51:58.656, 411312079356, vstest.console.dll, DataCollectionRequestSender.SendBeforeTestRunStartAndGetResult: Send BeforeTestRunStart message with settingsXml <RunSettings><RunConfiguration><ResultsDirectory>C:\Users\erka\source\repos\calculator\CalculatorTest\bin\Debug\net8.0\fine-code-coverage\coverage-tool-output</ResultsDirectory><TargetPlatform>ARM64</TargetPlatform><TargetFrameworkVersion>.NETCoreApp,Version=v8.0</TargetFrameworkVersion><DesignMode>False</DesignMode><CollectSourceInformation>False</CollectSourceInformation><TestAdaptersPaths>C:\Program Files\dotnet\sdk\9.0.200\Extensions</TestAdaptersPaths></RunConfiguration><LoggerRunSettings><Loggers><Logger friendlyName="blame" enabled="True" /><Logger friendlyName="Console" uri="logger://microsoft/TestPlatform/ConsoleLogger/v1" assemblyQualifiedName="Microsoft.VisualStudio.TestPlatform.CommandLine.Internal.ConsoleLogger, vstest.console, Version=15.0.0.0, Culture=neutral, PublicKeyToken=b03f5f7f11d50a3a" codeBase="C:\Program Files\dotnet\sdk\9.0.200\vstest.console.dll" enabled="True" /></Loggers></LoggerRunSettings><DataCollectionRunSettings><DataCollectors><DataCollector friendlyName="blame" enabled="True"><Configuration><ResultsDirectory>C:\Users\erka\source\repos\calculator\CalculatorTest\bin\Debug\net8.0\fine-code-coverage\coverage-tool-output</ResultsDirectory></Configuration></DataCollector></DataCollectors></DataCollectionRunSettings></RunSettings> and sources System.Collections.Generic.List`1[System.String]: 
TpTrace Verbose: 0 : 3764, 5, 2025/02/28, 06:51:58.686, 411312803833, vstest.console.dll, DataCollectionRequestSender.SendBeforeTestRunStartAndGetResult: Received message: (DataCollection.SendMessage) -> {"MessageType":"DataCollection.SendMessage","Payload":{"FriendlyName":null,"Uri":null,"TestCaseId":"00000000-0000-0000-0000-000000000000","Message":"Logging DataCollector Diagnostics in file: C:\\Users\\erka\\source\\repos\\calculator\\CalculatorTest\\bin\\Debug\\net8.0\\fine-code-coverage\\coverage-tool-output\\diagnostics.datacollector.25-02-28_06-51-58_56929_5.log","Level":0}}
TpTrace Verbose: 0 : 3764, 5, 2025/02/28, 06:51:58.722, 411313659645, vstest.console.dll, DataCollectionRequestSender.SendBeforeTestRunStartAndGetResult: Received message: (DataCollection.BeforeTestRunStartResult) -> {"MessageType":"DataCollection.BeforeTestRunStartResult","Payload":{"EnvironmentVariables":{},"DataCollectionEventsPort":51408}}
TpTrace Information: 0 : 3764, 5, 2025/02/28, 06:51:58.724, 411313711287, vstest.console.dll, ProxyDataCollectionManager.BeforeTestRunStart: SendBeforeTestRunStartAndGetResult successful, env variable from datacollector:   and testhost port: 51408
TpTrace Information: 0 : 3764, 5, 2025/02/28, 06:51:58.724, 411313712164, vstest.console.dll, ProxyDataCollectionManager.InvokeDataCollectionServiceAction: Completed.
TpTrace Verbose: 0 : 3764, 5, 2025/02/28, 06:51:58.724, 411313712744, vstest.console.dll, ParallelProxyExecutionManager.StartTestRunOnConcurrentManager: Initializing test run. Started clients: 0
TpTrace Verbose: 0 : 3764, 5, 2025/02/28, 06:51:58.724, 411313713813, vstest.console.dll, ProxyExecutionManager: Test host is always Lazy initialize.
TpTrace Verbose: 0 : 3764, 5, 2025/02/28, 06:51:58.724, 411313716192, vstest.console.dll, TestRequestSender.InitializeCommunication: initialize communication. 
TpTrace Information: 0 : 3764, 5, 2025/02/28, 06:51:58.725, 411313722078, vstest.console.dll, SocketServer.Start: Listening on endpoint : 127.0.0.1:51409
TpTrace Verbose: 0 : 3764, 5, 2025/02/28, 06:51:58.725, 411313732414, vstest.console.dll, DotnetTestHostmanager.GetTestHostProcessStartInfo: Platform environment 'ARM64' target architecture 'ARM64' framework '.NETCoreApp,Version=v8.0' OS 'Windows'
TpTrace Verbose: 0 : 3764, 5, 2025/02/28, 06:51:58.725, 411313734944, vstest.console.dll, DotnetTestHostmanager: Adding  --runtimeconfig "C:\Users\erka\source\repos\calculator\CalculatorTest\bin\Debug\net8.0\fine-code-coverage\build-output\CalculatorTest.runtimeconfig.json" in args
TpTrace Verbose: 0 : 3764, 5, 2025/02/28, 06:51:58.725, 411313735993, vstest.console.dll, DotnetTestHostmanager: Adding  --depsfile "C:\Users\erka\source\repos\calculator\CalculatorTest\bin\Debug\net8.0\fine-code-coverage\build-output\CalculatorTest.deps.json" in args
TpTrace Verbose: 0 : 3764, 5, 2025/02/28, 06:51:58.725, 411313737985, vstest.console.dll, DotnetTestHostmanager.IsWinOnArm: Current PROCESSOR_ARCHITECTURE from environment variable 'ARM64'
TpTrace Verbose: 0 : 3764, 5, 2025/02/28, 06:51:58.725, 411313738719, vstest.console.dll, DotnetTestHostmanager.IsWinOnArm: Is Windows on ARM 'True'
TpTrace Information: 0 : 3764, 5, 2025/02/28, 06:51:58.725, 411313739603, vstest.console.dll, AssemblyResolver.OnResolve: Microsoft.Extensions.DependencyModel: Resolving assembly.
TpTrace Information: 0 : 3764, 5, 2025/02/28, 06:51:58.725, 411313740143, vstest.console.dll, AssemblyResolver.OnResolve: Microsoft.Extensions.DependencyModel: Searching in: 'C:\Program Files\dotnet\sdk\9.0.200\Extensions'.
TpTrace Information: 0 : 3764, 5, 2025/02/28, 06:51:58.725, 411313741000, vstest.console.dll, AssemblyResolver.OnResolve: Microsoft.Extensions.DependencyModel: Assembly path does not exist: 'C:\Program Files\dotnet\sdk\9.0.200\Extensions\Microsoft.Extensions.DependencyModel.dll', returning.
TpTrace Information: 0 : 3764, 5, 2025/02/28, 06:51:58.725, 411313741634, vstest.console.dll, AssemblyResolver.OnResolve: Microsoft.Extensions.DependencyModel: Assembly path does not exist: 'C:\Program Files\dotnet\sdk\9.0.200\Extensions\Microsoft.Extensions.DependencyModel.exe', returning.
TpTrace Information: 0 : 3764, 5, 2025/02/28, 06:51:58.726, 411313742066, vstest.console.dll, AssemblyResolver.OnResolve: Microsoft.Extensions.DependencyModel: Searching in: 'C:\Program Files\dotnet\sdk\9.0.200'.
TpTrace Information: 0 : 3764, 5, 2025/02/28, 06:51:58.726, 411313746333, vstest.console.dll, AssemblyResolver.OnResolve: Microsoft.Extensions.DependencyModel: Loading assembly 'C:\Program Files\dotnet\sdk\9.0.200\Microsoft.Extensions.DependencyModel.dll'.
TpTrace Information: 0 : 3764, 5, 2025/02/28, 06:51:58.726, 411313754662, vstest.console.dll, AssemblyResolver.OnResolve: Resolved assembly: Microsoft.Extensions.DependencyModel, from path: C:\Program Files\dotnet\sdk\9.0.200\Microsoft.Extensions.DependencyModel.dll
TpTrace Verbose: 0 : 3764, 5, 2025/02/28, 06:51:58.726, 411313758098, vstest.console.dll, DotnetTestHostmanager: Runtimeconfig.dev.json C:\Users\erka\source\repos\calculator\CalculatorTest\bin\Debug\net8.0\fine-code-coverage\build-output\CalculatorTest.runtimeconfig.dev.json does not exist.
TpTrace Verbose: 0 : 3764, 5, 2025/02/28, 06:51:58.726, 411313759168, vstest.console.dll, DotnetTestHostManager: Found testhost.dll in source directory: C:\Users\erka\source\repos\calculator\CalculatorTest\bin\Debug\net8.0\fine-code-coverage\build-output\testhost.dll.
TpTrace Verbose: 0 : 3764, 5, 2025/02/28, 06:51:58.726, 411313760173, vstest.console.dll, DotnetTestHostmanager: Current process architetcure 'ARM64'
TpTrace Verbose: 0 : 3764, 5, 2025/02/28, 06:51:58.727, 411313765851, vstest.console.dll, DotnetTestHostmanager.LaunchTestHostAsync: Compatible muxer architecture of running process 'ARM64' and target architecture 'ARM64'
TpTrace Verbose: 0 : 3764, 5, 2025/02/28, 06:51:58.727, 411313766353, vstest.console.dll, DotnetTestHostmanager: Full path of testhost.dll is C:\Users\erka\source\repos\calculator\CalculatorTest\bin\Debug\net8.0\fine-code-coverage\build-output\testhost.dll
TpTrace Verbose: 0 : 3764, 5, 2025/02/28, 06:51:58.727, 411313766838, vstest.console.dll, DotnetTestHostmanager: Full path of host exe is C:\Program Files\dotnet\dotnet.exe
TpTrace Verbose: 0 : 3764, 5, 2025/02/28, 06:51:58.727, 411313769252, vstest.console.dll, DotnetTestHostManager: Starting process 'C:\Program Files\dotnet\dotnet.exe' with command line 'exec --runtimeconfig "C:\Users\erka\source\repos\calculator\CalculatorTest\bin\Debug\net8.0\fine-code-coverage\build-output\CalculatorTest.runtimeconfig.json" --depsfile "C:\Users\erka\source\repos\calculator\CalculatorTest\bin\Debug\net8.0\fine-code-coverage\build-output\CalculatorTest.deps.json" "C:\Users\erka\source\repos\calculator\CalculatorTest\bin\Debug\net8.0\fine-code-coverage\build-output\testhost.dll" --port 51409 --endpoint 127.0.0.1:051409 --role client --parentprocessid 3764 --diag "C:\Users\erka\source\repos\calculator\CalculatorTest\bin\Debug\net8.0\fine-code-coverage\coverage-tool-output\diagnostics.host.25-02-28_06-51-58_72539_5.log" --tracelevel 4 --datacollectionport 51408 --telemetryoptedin false'
TpTrace Verbose: 0 : 3764, 5, 2025/02/28, 06:51:58.731, 411313883424, vstest.console.dll, MulticastDelegateUtilities.SafeInvoke: HostProviderEvents.OnHostLaunched: Invoking callback 1/2 for Microsoft.VisualStudio.TestPlatform.CrossPlatEngine.Client.ProxyExecutionManagerWithDataCollection., took 0 ms.
TpTrace Verbose: 0 : 3764, 5, 2025/02/28, 06:51:58.732, 411313885962, vstest.console.dll, Test Runtime launched
TpTrace Verbose: 0 : 3764, 5, 2025/02/28, 06:51:58.732, 411313886925, vstest.console.dll, MulticastDelegateUtilities.SafeInvoke: HostProviderEvents.OnHostLaunched: Invoking callback 2/2 for Microsoft.VisualStudio.TestPlatform.CrossPlatEngine.Client.ProxyOperationManager., took 0 ms.
TpTrace Verbose: 0 : 3764, 5, 2025/02/28, 06:51:58.732, 411313888661, vstest.console.dll, TestRequestSender.WaitForRequestHandlerConnection: waiting for connection with timeout: 90000.
TpTrace Verbose: 0 : 3764, 11, 2025/02/28, 06:51:58.842, 411316541206, vstest.console.dll, MulticastDelegateUtilities.SafeInvoke: SocketServer: ClientConnected: Invoking callback 1/1 for Microsoft.VisualStudio.TestPlatform.CommunicationUtilities.TestRequestSender., took 0 ms.
TpTrace Verbose: 0 : 3764, 11, 2025/02/28, 06:51:58.842, 411316543084, vstest.console.dll, SocketServer.OnClientConnected: Client connected for endPoint: 127.0.0.1:51409, starting MessageLoopAsync:
TpTrace Verbose: 0 : 3764, 5, 2025/02/28, 06:51:58.842, 411316542029, vstest.console.dll, TestRequestSender.WaitForRequestHandlerConnection: waiting took 110 ms, with timeout 90000 ms, and result 0, which is success.
TpTrace Verbose: 0 : 3764, 11, 2025/02/28, 06:51:58.843, 411316557537, vstest.console.dll, TcpClientExtensions.MessageLoopAsync: Polling on remoteEndPoint: 127.0.0.1:51410 localEndPoint: 127.0.0.1:51409 after 0 ms
TpTrace Verbose: 0 : 3764, 5, 2025/02/28, 06:51:58.843, 411316571042, vstest.console.dll, TestRequestSender.CheckVersionWithTestHost: Sending check version message: {"MessageType":"ProtocolVersion","Payload":7}
TpTrace Verbose: 0 : 3764, 11, 2025/02/28, 06:51:58.914, 411318256852, vstest.console.dll, TcpClientExtensions.MessageLoopAsync: NotifyDataAvailable remoteEndPoint: 127.0.0.1:51410 localEndPoint: 127.0.0.1:51409
TpTrace Verbose: 0 : 3764, 11, 2025/02/28, 06:51:58.914, 411318261278, vstest.console.dll, TestRequestSender.CheckVersionWithTestHost: onMessageReceived received message: (ProtocolVersion) -> {"MessageType":"ProtocolVersion","Payload":7}
TpTrace Verbose: 0 : 3764, 11, 2025/02/28, 06:51:58.914, 411318268883, vstest.console.dll, MulticastDelegateUtilities.SafeInvoke: LengthPrefixCommunicationChannel: MessageReceived: Invoking callback 1/1 for Microsoft.VisualStudio.TestPlatform.CommunicationUtilities.TestRequestSender+<>c__DisplayClass29_0., took 0 ms.
TpTrace Verbose: 0 : 3764, 11, 2025/02/28, 06:51:58.914, 411318271132, vstest.console.dll, TcpClientExtensions.MessageLoopAsync: Polling on remoteEndPoint: 127.0.0.1:51410 localEndPoint: 127.0.0.1:51409 after 71 ms
TpTrace Verbose: 0 : 3764, 5, 2025/02/28, 06:51:58.914, 411318272095, vstest.console.dll, TestPluginCache.GetExtensionPaths: Filtered extension paths: 
TpTrace Verbose: 0 : 3764, 5, 2025/02/28, 06:51:58.914, 411318273314, vstest.console.dll, TestPluginCache.GetExtensionPaths: Added default extension paths: C:\Program Files\dotnet\sdk\9.0.200\Extensions\Microsoft.Diagnostics.NETCore.Client.dll
C:\Program Files\dotnet\sdk\9.0.200\Extensions\Microsoft.TestPlatform.Extensions.BlameDataCollector.dll
C:\Program Files\dotnet\sdk\9.0.200\Extensions\Microsoft.TestPlatform.Extensions.EventLogCollector.dll
C:\Program Files\dotnet\sdk\9.0.200\Extensions\Microsoft.TestPlatform.TestHostRuntimeProvider.dll
C:\Program Files\dotnet\sdk\9.0.200\Extensions\Microsoft.VisualStudio.TestPlatform.Extensions.Html.TestLogger.dll
C:\Program Files\dotnet\sdk\9.0.200\Extensions\Microsoft.VisualStudio.TestPlatform.Extensions.Trx.TestLogger.dll
TpTrace Verbose: 0 : 3764, 5, 2025/02/28, 06:51:58.914, 411318273857, vstest.console.dll, TestPluginCache.GetExtensionPaths: Added unfilterableExtensionPaths: 
TpTrace Verbose: 0 : 3764, 5, 2025/02/28, 06:51:58.915, 411318301701, vstest.console.dll, TestRequestSender.InitializeExecution: Sending initialize execution with message: {"Version":7,"MessageType":"TestExecution.Initialize","Payload":["C:\\Users\\erka\\source\\repos\\calculator\\CalculatorTest\\bin\\Debug\\net8.0\\fine-code-coverage\\build-output\\Microsoft.VisualStudio.TestPlatform.MSTest.TestAdapter.dll"]}
TpTrace Verbose: 0 : 3764, 5, 2025/02/28, 06:51:58.916, 411318303427, vstest.console.dll, ParallelProxyExecutionManager.StartTestRunOnConcurrentManager: Execution starting. Started clients: 1
TpTrace Verbose: 0 : 3764, 5, 2025/02/28, 06:51:58.916, 411318308426, vstest.console.dll, TestRunRequest:SendTestRunMessage: Starting.
TpTrace Verbose: 0 : 3764, 5, 2025/02/28, 06:51:58.916, 411318313627, vstest.console.dll, MulticastDelegateUtilities.SafeInvoke: TestRun.LogMessages: Invoking callback 1/1 for Microsoft.VisualStudio.TestPlatform.CommandLine.TestRunResultAggregator., took 0 ms.
TpTrace Information: 0 : 3764, 5, 2025/02/28, 06:51:58.916, 411318314628, vstest.console.dll, TestRunRequest:SendTestRunMessage: Completed.
TpTrace Verbose: 0 : 3764, 4, 2025/02/28, 06:51:58.916, 411318317084, vstest.console.dll, MulticastDelegateUtilities.SafeInvoke: InternalTestLoggerEvents.SendTestRunMessage: Invoking callback 1/1 for Microsoft.VisualStudio.TestPlatform.CommandLine.Internal.ConsoleLogger., took 0 ms.
TpTrace Warning: 0 : 3764, 5, 2025/02/28, 06:51:58.916, 411318322838, vstest.console.dll, InferRunSettingsHelper.MakeRunsettingsCompatible: Removing the following settings: TargetPlatform from RunSettings file. To use those settings please move to latest version of Microsoft.NET.Test.Sdk
TpTrace Verbose: 0 : 3764, 11, 2025/02/28, 06:51:58.917, 411318335656, vstest.console.dll, TcpClientExtensions.MessageLoopAsync: NotifyDataAvailable remoteEndPoint: 127.0.0.1:51410 localEndPoint: 127.0.0.1:51409
TpTrace Verbose: 0 : 3764, 11, 2025/02/28, 06:51:58.917, 411318341096, vstest.console.dll, TestRequestSender.OnExecutionMessageReceived: Received message: {"Version":7,"MessageType":"TestSession.Message","Payload":{"MessageLevel":0,"Message":"Logging TestHost Diagnostics in file: C:\\Users\\erka\\source\\repos\\calculator\\CalculatorTest\\bin\\Debug\\net8.0\\fine-code-coverage\\coverage-tool-output\\diagnostics.host.25-02-28_06-51-58_72539_5.log"}}
TpTrace Verbose: 0 : 3764, 11, 2025/02/28, 06:51:58.918, 411318371286, vstest.console.dll, TestRunRequest:SendTestRunMessage: Starting.
TpTrace Verbose: 0 : 3764, 11, 2025/02/28, 06:51:58.918, 411318373212, vstest.console.dll, MulticastDelegateUtilities.SafeInvoke: TestRun.LogMessages: Invoking callback 1/1 for Microsoft.VisualStudio.TestPlatform.CommandLine.TestRunResultAggregator., took 0 ms.
TpTrace Verbose: 0 : 3764, 4, 2025/02/28, 06:51:58.918, 411318373645, vstest.console.dll, MulticastDelegateUtilities.SafeInvoke: InternalTestLoggerEvents.SendTestRunMessage: Invoking callback 1/1 for Microsoft.VisualStudio.TestPlatform.CommandLine.Internal.ConsoleLogger., took 0 ms.
TpTrace Information: 0 : 3764, 11, 2025/02/28, 06:51:58.919, 411318374319, vstest.console.dll, TestRunRequest:SendTestRunMessage: Completed.
TpTrace Verbose: 0 : 3764, 11, 2025/02/28, 06:51:58.919, 411318375812, vstest.console.dll, MulticastDelegateUtilities.SafeInvoke: LengthPrefixCommunicationChannel: MessageReceived: Invoking callback 1/1 for Microsoft.VisualStudio.TestPlatform.CommunicationUtilities.TestRequestSender+<>c__DisplayClass34_0., took 1 ms.
TpTrace Verbose: 0 : 3764, 11, 2025/02/28, 06:51:58.919, 411318376546, vstest.console.dll, TcpClientExtensions.MessageLoopAsync: Polling on remoteEndPoint: 127.0.0.1:51410 localEndPoint: 127.0.0.1:51409 after 4 ms
TpTrace Verbose: 0 : 3764, 5, 2025/02/28, 06:51:58.919, 411318390736, vstest.console.dll, TestRequestSender.StartTestRun: Sending test run with message: {"Version":7,"MessageType":"TestExecution.StartWithSources","Payload":{"AdapterSourceMap":{"_none_":["C:\\Users\\erka\\source\\repos\\calculator\\CalculatorTest\\bin\\Debug\\net8.0\\fine-code-coverage\\build-output\\CalculatorTest.dll"]},"RunSettings":"<RunSettings>\r\n  <RunConfiguration>\r\n    <ResultsDirectory>C:\\Users\\erka\\source\\repos\\calculator\\CalculatorTest\\bin\\Debug\\net8.0\\fine-code-coverage\\coverage-tool-output</ResultsDirectory>\r\n    <TargetFrameworkVersion>.NETCoreApp,Version=v8.0</TargetFrameworkVersion>\r\n    <DesignMode>False</DesignMode>\r\n    <CollectSourceInformation>False</CollectSourceInformation>\r\n  </RunConfiguration>\r\n  <LoggerRunSettings>\r\n    <Loggers>\r\n      <Logger friendlyName=\"blame\" enabled=\"True\" />\r\n      <Logger friendlyName=\"Console\" uri=\"logger://microsoft/TestPlatform/ConsoleLogger/v1\" assemblyQualifiedName=\"Microsoft.VisualStudio.TestPlatform.CommandLine.Internal.ConsoleLogger, vstest.console, Version=15.0.0.0, Culture=neutral, PublicKeyToken=b03f5f7f11d50a3a\" codeBase=\"C:\\Program Files\\dotnet\\sdk\\9.0.200\\vstest.console.dll\" enabled=\"True\" />\r\n    </Loggers>\r\n  </LoggerRunSettings>\r\n  <DataCollectionRunSettings>\r\n    <DataCollectors>\r\n      <DataCollector friendlyName=\"blame\" enabled=\"True\">\r\n        <Configuration>\r\n          <ResultsDirectory>C:\\Users\\erka\\source\\repos\\calculator\\CalculatorTest\\bin\\Debug\\net8.0\\fine-code-coverage\\coverage-tool-output</ResultsDirectory>\r\n        </Configuration>\r\n      </DataCollector>\r\n    </DataCollectors>\r\n  </DataCollectionRunSettings>\r\n</RunSettings>","TestExecutionContext":{"FrequencyOfRunStatsChangeEvent":10,"RunStatsChangeEventTimeout":"00:00:01.5000000","InIsolation":false,"KeepAlive":false,"AreTestCaseLevelEventsRequired":false,"IsDebug":false,"TestCaseFilter":null,"FilterOptions":null},"Package":null}}
TpTrace Verbose: 0 : 3764, 5, 2025/02/28, 06:51:58.919, 411318392931, vstest.console.dll, ParallelProxyExecutionManager.StartTestRunOnConcurrentManager: Execution started. Started clients: 1
TpTrace Verbose: 0 : 3764, 11, 2025/02/28, 06:51:59.841, 411340507389, vstest.console.dll, TcpClientExtensions.MessageLoopAsync: NotifyDataAvailable remoteEndPoint: 127.0.0.1:51410 localEndPoint: 127.0.0.1:51409
TpTrace Verbose: 0 : 3764, 11, 2025/02/28, 06:51:59.841, 411340512945, vstest.console.dll, TestRequestSender.OnExecutionMessageReceived: Received message: {"Version":7,"MessageType":"TestSession.Message","Payload":{"MessageLevel":0,"Message":"Test Parallelization enabled for C:\\Users\\erka\\source\\repos\\calculator\\CalculatorTest\\bin\\Debug\\net8.0\\fine-code-coverage\\build-output\\CalculatorTest.dll (Workers: 4, Scope: MethodLevel)"}}
TpTrace Verbose: 0 : 3764, 11, 2025/02/28, 06:51:59.841, 411340518632, vstest.console.dll, TestRunRequest:SendTestRunMessage: Starting.
TpTrace Verbose: 0 : 3764, 11, 2025/02/28, 06:51:59.841, 411340520015, vstest.console.dll, MulticastDelegateUtilities.SafeInvoke: TestRun.LogMessages: Invoking callback 1/1 for Microsoft.VisualStudio.TestPlatform.CommandLine.TestRunResultAggregator., took 0 ms.
TpTrace Information: 0 : 3764, 11, 2025/02/28, 06:51:59.841, 411340520572, vstest.console.dll, TestRunRequest:SendTestRunMessage: Completed.
TpTrace Verbose: 0 : 3764, 4, 2025/02/28, 06:51:59.841, 411340520872, vstest.console.dll, MulticastDelegateUtilities.SafeInvoke: InternalTestLoggerEvents.SendTestRunMessage: Invoking callback 1/1 for Microsoft.VisualStudio.TestPlatform.CommandLine.Internal.ConsoleLogger., took 0 ms.
TpTrace Verbose: 0 : 3764, 11, 2025/02/28, 06:51:59.841, 411340521274, vstest.console.dll, MulticastDelegateUtilities.SafeInvoke: LengthPrefixCommunicationChannel: MessageReceived: Invoking callback 1/1 for Microsoft.VisualStudio.TestPlatform.CommunicationUtilities.TestRequestSender+<>c__DisplayClass34_0., took 0 ms.
TpTrace Verbose: 0 : 3764, 11, 2025/02/28, 06:51:59.841, 411340523648, vstest.console.dll, TcpClientExtensions.MessageLoopAsync: Polling on remoteEndPoint: 127.0.0.1:51410 localEndPoint: 127.0.0.1:51409 after 922 ms
TpTrace Verbose: 0 : 3764, 11, 2025/02/28, 06:52:00.476, 411355757859, vstest.console.dll, TcpClientExtensions.MessageLoopAsync: NotifyDataAvailable remoteEndPoint: 127.0.0.1:51410 localEndPoint: 127.0.0.1:51409
TpTrace Verbose: 0 : 3764, 11, 2025/02/28, 06:52:00.477, 411355770503, vstest.console.dll, TestRequestSender.OnExecutionMessageReceived: Received message: {"Version":7,"MessageType":"TestExecution.StatsChange","Payload":{"NewTestResults":[{"TestCase":{"Id":"25326555-fd01-f3cf-7ac8-dafd1e847396","FullyQualifiedName":"CalculatorTest.TestCalculator.TestMinus_calculator","DisplayName":"TestMinus_calculator","ExecutorUri":"executor://MSTestAdapter/v2","Source":"C:\\Users\\erka\\source\\repos\\calculator\\CalculatorTest\\bin\\Debug\\net8.0\\fine-code-coverage\\build-output\\CalculatorTest.dll","CodeFilePath":null,"LineNumber":-1,"Properties":[{"Key":{"Id":"MSTest.TestIdGenerationStrategy","Label":"TestIdGenerationStrategy","Category":"","Description":"","Attributes":1,"ValueType":"System.Int32"},"Value":2},{"Key":{"Id":"TestObject.Traits","Label":"Traits","Category":"","Description":"","Attributes":5,"ValueType":"System.Collections.Generic.KeyValuePair`2[[System.String],[System.String]][]"},"Value":[]},{"Key":{"Id":"TestCase.Hierarchy","Label":"Hierarchy","Category":"","Description":"","Attributes":2,"ValueType":"System.String[]"},"Value":[null,"CalculatorTest","TestCalculator","TestMinus_calculator"]},{"Key":{"Id":"TestCase.ManagedMethod","Label":"ManagedMethod","Category":"","Description":"","Attributes":1,"ValueType":"System.String"},"Value":"TestMinus_calculator"},{"Key":{"Id":"TestCase.ManagedType","Label":"ManagedType","Category":"","Description":"","Attributes":1,"ValueType":"System.String"},"Value":"CalculatorTest.TestCalculator"},{"Key":{"Id":"MSTestDiscoverer.TestClassName","Label":"ClassName","Category":"","Description":"","Attributes":1,"ValueType":"System.String"},"Value":"CalculatorTest.TestCalculator"}]},"Attachments":[],"Outcome":1,"ErrorMessage":null,"ErrorStackTrace":null,"DisplayName":"TestMinus_calculator","Messages":[],"ComputerName":"WIN-4IEL88UCQOK","Duration":"00:00:00.5066785","StartTime":"2025-02-28T06:51:59.873781-08:00","EndTime":"2025-02-28T06:52:00.3992043-08:00","Properties":[{"Key":{"Id":"ParentExecId","Label":"ParentExecId","Category":"","Description":"","Attributes":1,"ValueType":"System.Guid"},"Value":"00000000-0000-0000-0000-000000000000"},{"Key":{"Id":"ExecutionId","Label":"ExecutionId","Category":"","Description":"","Attributes":1,"ValueType":"System.Guid"},"Value":"00000000-0000-0000-0000-000000000000"},{"Key":{"Id":"InnerResultsCount","Label":"InnerResultsCount","Category":"","Description":"","Attributes":1,"ValueType":"System.Int32"},"Value":0}]},{"TestCase":{"Id":"3ae279e8-763c-b2a9-27ea-d35b4170acd4","FullyQualifiedName":"CalculatorTest.TestCalculator.TestAdd_calculator","DisplayName":"TestAdd_calculator","ExecutorUri":"executor://MSTestAdapter/v2","Source":"C:\\Users\\erka\\source\\repos\\calculator\\CalculatorTest\\bin\\Debug\\net8.0\\fine-code-coverage\\build-output\\CalculatorTest.dll","CodeFilePath":null,"LineNumber":-1,"Properties":[{"Key":{"Id":"MSTest.TestIdGenerationStrategy","Label":"TestIdGenerationStrategy","Category":"","Description":"","Attributes":1,"ValueType":"System.Int32"},"Value":2},{"Key":{"Id":"TestObject.Traits","Label":"Traits","Category":"","Description":"","Attributes":5,"ValueType":"System.Collections.Generic.KeyValuePair`2[[System.String],[System.String]][]"},"Value":[]},{"Key":{"Id":"TestCase.Hierarchy","Label":"Hierarchy","Category":"","Description":"","Attributes":2,"ValueType":"System.String[]"},"Value":[null,"CalculatorTest","TestCalculator","TestAdd_calculator"]},{"Key":{"Id":"TestCase.ManagedMethod","Label":"ManagedMethod","Category":"","Description":"","Attributes":1,"ValueType":"System.String"},"Value":"TestAdd_calculator"},{"Key":{"Id":"TestCase.ManagedType","Label":"ManagedType","Category":"","Description":"","Attributes":1,"ValueType":"System.String"},"Value":"CalculatorTest.TestCalculator"},{"Key":{"Id":"MSTestDiscoverer.TestClassName","Label":"ClassName","Category":"","Description":"","Attributes":1,"ValueType":"System.String"},"Value":"CalculatorTest.TestCalculator"}]},"Attachments":[],"Outcome":1,"ErrorMessage":null,"ErrorStackTrace":null,"DisplayName":"TestAdd_calculator","Messages":[],"ComputerName":"WIN-4IEL88UCQOK","Duration":"00:00:00.5065482","StartTime":"2025-02-28T06:51:59.8719631-08:00","EndTime":"2025-02-28T06:52:00.399597-08:00","Properties":[{"Key":{"Id":"ParentExecId","Label":"ParentExecId","Category":"","Description":"","Attributes":1,"ValueType":"System.Guid"},"Value":"00000000-0000-0000-0000-000000000000"},{"Key":{"Id":"ExecutionId","Label":"ExecutionId","Category":"","Description":"","Attributes":1,"ValueType":"System.Guid"},"Value":"00000000-0000-0000-0000-000000000000"},{"Key":{"Id":"InnerResultsCount","Label":"InnerResultsCount","Category":"","Description":"","Attributes":1,"ValueType":"System.Int32"},"Value":0}]},{"TestCase":{"Id":"948370b5-7f33-4704-3637-a3137a255f4e","FullyQualifiedName":"CalculatorTest.TestCalculator.TestGetAllMemoryItems_memory","DisplayName":"TestGetAllMemoryItems_memory","ExecutorUri":"executor://MSTestAdapter/v2","Source":"C:\\Users\\erka\\source\\repos\\calculator\\CalculatorTest\\bin\\Debug\\net8.0\\fine-code-coverage\\build-output\\CalculatorTest.dll","CodeFilePath":null,"LineNumber":-1,"Properties":[{"Key":{"Id":"MSTest.TestIdGenerationStrategy","Label":"TestIdGenerationStrategy","Category":"","Description":"","Attributes":1,"ValueType":"System.Int32"},"Value":2},{"Key":{"Id":"TestObject.Traits","Label":"Traits","Category":"","Description":"","Attributes":5,"ValueType":"System.Collections.Generic.KeyValuePair`2[[System.String],[System.String]][]"},"Value":[]},{"Key":{"Id":"TestCase.Hierarchy","Label":"Hierarchy","Category":"","Description":"","Attributes":2,"ValueType":"System.String[]"},"Value":[null,"CalculatorTest","TestCalculator","TestGetAllMemoryItems_memory"]},{"Key":{"Id":"TestCase.ManagedMethod","Label":"ManagedMethod","Category":"","Description":"","Attributes":1,"ValueType":"System.String"},"Value":"TestGetAllMemoryItems_memory"},{"Key":{"Id":"TestCase.ManagedType","Label":"ManagedType","Category":"","Description":"","Attributes":1,"ValueType":"System.String"},"Value":"CalculatorTest.TestCalculator"},{"Key":{"Id":"MSTestDiscoverer.TestClassName","Label":"ClassName","Category":"","Description":"","Attributes":1,"ValueType":"System.String"},"Value":"CalculatorTest.TestCalculator"}]},"Attachments":[],"Outcome":1,"ErrorMessage":null,"ErrorStackTrace":null,"DisplayName":"TestGetAllMemoryItems_memory","Messages":[],"ComputerName":"WIN-4IEL88UCQOK","Duration":"00:00:00.5062150","StartTime":"2025-02-28T06:51:59.8749038-08:00","EndTime":"2025-02-28T06:52:00.3996503-08:00","Properties":[{"Key":{"Id":"ParentExecId","Label":"ParentExecId","Category":"","Description":"","Attributes":1,"ValueType":"System.Guid"},"Value":"00000000-0000-0000-0000-000000000000"},{"Key":{"Id":"ExecutionId","Label":"ExecutionId","Category":"","Description":"","Attributes":1,"ValueType":"System.Guid"},"Value":"00000000-0000-0000-0000-000000000000"},{"Key":{"Id":"InnerResultsCount","Label":"InnerResultsCount","Category":"","Description":"","Attributes":1,"ValueType":"System.Int32"},"Value":0}]},{"TestCase":{"Id":"89873e7d-1211-533d-951f-416b6cac32fc","FullyQualifiedName":"CalculatorTest.TestCalculator.TestGetLastMemoryItem_memory","DisplayName":"TestGetLastMemoryItem_memory","ExecutorUri":"executor://MSTestAdapter/v2","Source":"C:\\Users\\erka\\source\\repos\\calculator\\CalculatorTest\\bin\\Debug\\net8.0\\fine-code-coverage\\build-output\\CalculatorTest.dll","CodeFilePath":null,"LineNumber":-1,"Properties":[{"Key":{"Id":"MSTest.TestIdGenerationStrategy","Label":"TestIdGenerationStrategy","Category":"","Description":"","Attributes":1,"ValueType":"System.Int32"},"Value":2},{"Key":{"Id":"TestObject.Traits","Label":"Traits","Category":"","Description":"","Attributes":5,"ValueType":"System.Collections.Generic.KeyValuePair`2[[System.String],[System.String]][]"},"Value":[]},{"Key":{"Id":"TestCase.Hierarchy","Label":"Hierarchy","Category":"","Description":"","Attributes":2,"ValueType":"System.String[]"},"Value":[null,"CalculatorTest","TestCalculator","TestGetLastMemoryItem_memory"]},{"Key":{"Id":"TestCase.ManagedMethod","Label":"ManagedMethod","Category":"","Description":"","Attributes":1,"ValueType":"System.String"},"Value":"TestGetLastMemoryItem_memory"},{"Key":{"Id":"TestCase.ManagedType","Label":"ManagedType","Category":"","Description":"","Attributes":1,"ValueType":"System.String"},"Value":"CalculatorTest.TestCalculator"},{"Key":{"Id":"MSTestDiscoverer.TestClassName","Label":"ClassName","Category":"","Description":"","Attributes":1,"ValueType":"System.String"},"Value":"CalculatorTest.TestCalculator"}]},"Attachments":[],"Outcome":1,"ErrorMessage":null,"ErrorStackTrace":null,"DisplayName":"TestGetLastMemoryItem_memory","Messages":[],"ComputerName":"WIN-4IEL88UCQOK","Duration":"00:00:00.0020924","StartTime":"2025-02-28T06:52:00.3915966-08:00","EndTime":"2025-02-28T06:52:00.3996125-08:00","Properties":[{"Key":{"Id":"ParentExecId","Label":"ParentExecId","Category":"","Description":"","Attributes":1,"ValueType":"System.Guid"},"Value":"00000000-0000-0000-0000-000000000000"},{"Key":{"Id":"ExecutionId","Label":"ExecutionId","Category":"","Description":"","Attributes":1,"ValueType":"System.Guid"},"Value":"00000000-0000-0000-0000-000000000000"},{"Key":{"Id":"InnerResultsCount","Label":"InnerResultsCount","Category":"","Description":"","Attributes":1,"ValueType":"System.Int32"},"Value":0}]}],"TestRunStatistics":{"ExecutedTests":4,"Stats":{"Passed":4}},"ActiveTests":[{"Id":"1503cf84-2ce8-a3e2-94bd-7953c9d6b91a","FullyQualifiedName":"CalculatorTest.TestCalculator.Test_Program","DisplayName":"Test_Program","ExecutorUri":"executor://MSTestAdapter/v2","Source":"C:\\Users\\erka\\source\\repos\\calculator\\CalculatorTest\\bin\\Debug\\net8.0\\fine-code-coverage\\build-output\\CalculatorTest.dll","CodeFilePath":null,"LineNumber":-1,"Properties":[{"Key":{"Id":"MSTest.TestIdGenerationStrategy","Label":"TestIdGenerationStrategy","Category":"","Description":"","Attributes":1,"ValueType":"System.Int32"},"Value":2},{"Key":{"Id":"TestObject.Traits","Label":"Traits","Category":"","Description":"","Attributes":5,"ValueType":"System.Collections.Generic.KeyValuePair`2[[System.String],[System.String]][]"},"Value":[]},{"Key":{"Id":"TestCase.Hierarchy","Label":"Hierarchy","Category":"","Description":"","Attributes":2,"ValueType":"System.String[]"},"Value":[null,"CalculatorTest","TestCalculator","Test_Program"]},{"Key":{"Id":"TestCase.ManagedMethod","Label":"ManagedMethod","Category":"","Description":"","Attributes":1,"ValueType":"System.String"},"Value":"Test_Program"},{"Key":{"Id":"TestCase.ManagedType","Label":"ManagedType","Category":"","Description":"","Attributes":1,"ValueType":"System.String"},"Value":"CalculatorTest.TestCalculator"},{"Key":{"Id":"MSTestDiscoverer.TestClassName","Label":"ClassName","Category":"","Description":"","Attributes":1,"ValueType":"System.String"},"Value":"CalculatorTest.TestCalculator"}]},{"Id":"78a7ccb7-a192-c055-f2d8-24410d957cf8","FullyQualifiedName":"CalculatorTest.TestCalculator.TestInvalidNumber_program","DisplayName":"TestInvalidNumber_program","ExecutorUri":"executor://MSTestAdapter/v2","Source":"C:\\Users\\erka\\source\\repos\\calculator\\CalculatorTest\\bin\\Debug\\net8.0\\fine-code-coverage\\build-output\\CalculatorTest.dll","CodeFilePath":null,"LineNumber":-1,"Properties":[{"Key":{"Id":"MSTest.TestIdGenerationStrategy","Label":"TestIdGenerationStrategy","Category":"","Description":"","Attributes":1,"ValueType":"System.Int32"},"Value":2},{"Key":{"Id":"TestObject.Traits","Label":"Traits","Category":"","Description":"","Attributes":5,"ValueType":"System.Collections.Generic.KeyValuePair`2[[System.String],[System.String]][]"},"Value":[]},{"Key":{"Id":"TestCase.Hierarchy","Label":"Hierarchy","Category":"","Description":"","Attributes":2,"ValueType":"System.String[]"},"Value":[null,"CalculatorTest","TestCalculator","TestInvalidNumber_program"]},{"Key":{"Id":"TestCase.ManagedMethod","Label":"ManagedMethod","Category":"","Description":"","Attributes":1,"ValueType":"System.String"},"Value":"TestInvalidNumber_program"},{"Key":{"Id":"TestCase.ManagedType","Label":"ManagedType","Category":"","Description":"","Attributes":1,"ValueType":"System.String"},"Value":"CalculatorTest.TestCalculator"},{"Key":{"Id":"MSTestDiscoverer.TestClassName","Label":"ClassName","Category":"","Description":"","Attributes":1,"ValueType":"System.String"},"Value":"CalculatorTest.TestCalculator"}]}]}}
TpTrace Verbose: 0 : 3764, 11, 2025/02/28, 06:52:00.503, 411356409668, vstest.console.dll, TestRunRequest:SendTestRunStatsChange: Starting.
TpTrace Verbose: 0 : 3764, 11, 2025/02/28, 06:52:00.503, 411356412976, vstest.console.dll, InProgress is Test_Program
TpTrace Verbose: 0 : 3764, 11, 2025/02/28, 06:52:00.504, 411356414010, vstest.console.dll, InProgress is TestInvalidNumber_program
TpTrace Verbose: 0 : 3764, 11, 2025/02/28, 06:52:00.504, 411356417105, vstest.console.dll, MulticastDelegateUtilities.SafeInvoke: TestRun.RunStatsChanged: Invoking callbacks was skipped because there are no subscribers.
TpTrace Information: 0 : 3764, 11, 2025/02/28, 06:52:00.504, 411356418074, vstest.console.dll, TestRunRequest:SendTestRunStatsChange: Completed.
TpTrace Verbose: 0 : 3764, 11, 2025/02/28, 06:52:00.504, 411356419080, vstest.console.dll, MulticastDelegateUtilities.SafeInvoke: LengthPrefixCommunicationChannel: MessageReceived: Invoking callback 1/1 for Microsoft.VisualStudio.TestPlatform.CommunicationUtilities.TestRequestSender+<>c__DisplayClass34_0., took 27 ms.
TpTrace Verbose: 0 : 3764, 11, 2025/02/28, 06:52:00.504, 411356420167, vstest.console.dll, TcpClientExtensions.MessageLoopAsync: Polling on remoteEndPoint: 127.0.0.1:51410 localEndPoint: 127.0.0.1:51409 after 662 ms
TpTrace Verbose: 0 : 3764, 4, 2025/02/28, 06:52:00.505, 411356445531, vstest.console.dll, MulticastDelegateUtilities.SafeInvoke: InternalTestLoggerEvents.SendTestResult: Invoking callback 1/1 for Microsoft.VisualStudio.TestPlatform.CommandLine.Internal.ConsoleLogger., took 1 ms.
TpTrace Verbose: 0 : 3764, 4, 2025/02/28, 06:52:00.505, 411356450093, vstest.console.dll, MulticastDelegateUtilities.SafeInvoke: InternalTestLoggerEvents.SendTestResult: Invoking callback 1/1 for Microsoft.VisualStudio.TestPlatform.CommandLine.Internal.ConsoleLogger., took 0 ms.
TpTrace Verbose: 0 : 3764, 4, 2025/02/28, 06:52:00.505, 411356451289, vstest.console.dll, MulticastDelegateUtilities.SafeInvoke: InternalTestLoggerEvents.SendTestResult: Invoking callback 1/1 for Microsoft.VisualStudio.TestPlatform.CommandLine.Internal.ConsoleLogger., took 0 ms.
TpTrace Verbose: 0 : 3764, 4, 2025/02/28, 06:52:00.505, 411356452253, vstest.console.dll, MulticastDelegateUtilities.SafeInvoke: InternalTestLoggerEvents.SendTestResult: Invoking callback 1/1 for Microsoft.VisualStudio.TestPlatform.CommandLine.Internal.ConsoleLogger., took 0 ms.
TpTrace Verbose: 0 : 3764, 11, 2025/02/28, 06:52:01.001, 411368350482, vstest.console.dll, TcpClientExtensions.MessageLoopAsync: NotifyDataAvailable remoteEndPoint: 127.0.0.1:51410 localEndPoint: 127.0.0.1:51409
TpTrace Verbose: 0 : 3764, 11, 2025/02/28, 06:52:01.001, 411368358902, vstest.console.dll, TestRequestSender.OnExecutionMessageReceived: Received message: {"Version":7,"MessageType":"TestExecution.Completed","Payload":{"TestRunCompleteArgs":{"TestRunStatistics":{"ExecutedTests":6,"Stats":{"Passed":4,"Failed":2}},"IsCanceled":false,"IsAborted":false,"Error":null,"AttachmentSets":[],"InvokedDataCollectors":[],"ElapsedTimeInRunningTests":"00:00:02.0136008","Metrics":{},"DiscoveredExtensions":{"TestDiscoverers":["Microsoft.VisualStudio.TestPlatform.MSTest.TestAdapter.MSTestDiscoverer, Microsoft.VisualStudio.TestPlatform.MSTest.TestAdapter, Version=14.0.0.0, Culture=neutral, PublicKeyToken=b03f5f7f11d50a3a"],"TestExecutors":["executor://MSTestAdapter/v2"],"TestExecutors2":[],"TestSettingsProviders":[]}},"LastRunTests":{"NewTestResults":[{"TestCase":{"Id":"1503cf84-2ce8-a3e2-94bd-7953c9d6b91a","FullyQualifiedName":"CalculatorTest.TestCalculator.Test_Program","DisplayName":"Test_Program","ExecutorUri":"executor://MSTestAdapter/v2","Source":"C:\\Users\\erka\\source\\repos\\calculator\\CalculatorTest\\bin\\Debug\\net8.0\\fine-code-coverage\\build-output\\CalculatorTest.dll","CodeFilePath":null,"LineNumber":-1,"Properties":[{"Key":{"Id":"MSTest.TestIdGenerationStrategy","Label":"TestIdGenerationStrategy","Category":"","Description":"","Attributes":1,"ValueType":"System.Int32"},"Value":2},{"Key":{"Id":"TestObject.Traits","Label":"Traits","Category":"","Description":"","Attributes":5,"ValueType":"System.Collections.Generic.KeyValuePair`2[[System.String],[System.String]][]"},"Value":[]},{"Key":{"Id":"TestCase.Hierarchy","Label":"Hierarchy","Category":"","Description":"","Attributes":2,"ValueType":"System.String[]"},"Value":[null,"CalculatorTest","TestCalculator","Test_Program"]},{"Key":{"Id":"TestCase.ManagedMethod","Label":"ManagedMethod","Category":"","Description":"","Attributes":1,"ValueType":"System.String"},"Value":"Test_Program"},{"Key":{"Id":"TestCase.ManagedType","Label":"ManagedType","Category":"","Description":"","Attributes":1,"ValueType":"System.String"},"Value":"CalculatorTest.TestCalculator"},{"Key":{"Id":"MSTestDiscoverer.TestClassName","Label":"ClassName","Category":"","Description":"","Attributes":1,"ValueType":"System.String"},"Value":"CalculatorTest.TestCalculator"}]},"Attachments":[],"Outcome":2,"ErrorMessage":"StringAssert.Contains failed. String 'Enter the starting number: Enter the starting number: Invalid number. Exiting.\r\nInvalid number. Exiting.\r\n' does not contain string 'Result: 15'. .","ErrorStackTrace":"   at CalculatorTest.TestCalculator.Test_Program() in C:\\Users\\erka\\source\\repos\\calculator\\CalculatorTest\\Test1.cs:line 70\r\n   at System.RuntimeMethodHandle.InvokeMethod(Object target, Void** arguments, Signature sig, Boolean isConstructor)\r\n   at System.Reflection.MethodBaseInvoker.InvokeWithNoArgs(Object obj, BindingFlags invokeAttr)\r\n","DisplayName":"Test_Program","Messages":[],"ComputerName":"WIN-4IEL88UCQOK","Duration":"00:00:00.5695376","StartTime":"2025-02-28T06:52:00.4198164-08:00","EndTime":"2025-02-28T06:52:00.9911515-08:00","Properties":[{"Key":{"Id":"ParentExecId","Label":"ParentExecId","Category":"","Description":"","Attributes":1,"ValueType":"System.Guid"},"Value":"00000000-0000-0000-0000-000000000000"},{"Key":{"Id":"ExecutionId","Label":"ExecutionId","Category":"","Description":"","Attributes":1,"ValueType":"System.Guid"},"Value":"00000000-0000-0000-0000-000000000000"},{"Key":{"Id":"InnerResultsCount","Label":"InnerResultsCount","Category":"","Description":"","Attributes":1,"ValueType":"System.Int32"},"Value":0}]},{"TestCase":{"Id":"78a7ccb7-a192-c055-f2d8-24410d957cf8","FullyQualifiedName":"CalculatorTest.TestCalculator.TestInvalidNumber_program","DisplayName":"TestInvalidNumber_program","ExecutorUri":"executor://MSTestAdapter/v2","Source":"C:\\Users\\erka\\source\\repos\\calculator\\CalculatorTest\\bin\\Debug\\net8.0\\fine-code-coverage\\build-output\\CalculatorTest.dll","CodeFilePath":null,"LineNumber":-1,"Properties":[{"Key":{"Id":"MSTest.TestIdGenerationStrategy","Label":"TestIdGenerationStrategy","Category":"","Description":"","Attributes":1,"ValueType":"System.Int32"},"Value":2},{"Key":{"Id":"TestObject.Traits","Label":"Traits","Category":"","Description":"","Attributes":5,"ValueType":"System.Collections.Generic.KeyValuePair`2[[System.String],[System.String]][]"},"Value":[]},{"Key":{"Id":"TestCase.Hierarchy","Label":"Hierarchy","Category":"","Description":"","Attributes":2,"ValueType":"System.String[]"},"Value":[null,"CalculatorTest","TestCalculator","TestInvalidNumber_program"]},{"Key":{"Id":"TestCase.ManagedMethod","Label":"ManagedMethod","Category":"","Description":"","Attributes":1,"ValueType":"System.String"},"Value":"TestInvalidNumber_program"},{"Key":{"Id":"TestCase.ManagedType","Label":"ManagedType","Category":"","Description":"","Attributes":1,"ValueType":"System.String"},"Value":"CalculatorTest.TestCalculator"},{"Key":{"Id":"MSTestDiscoverer.TestClassName","Label":"ClassName","Category":"","Description":"","Attributes":1,"ValueType":"System.String"},"Value":"CalculatorTest.TestCalculator"}]},"Attachments":[],"Outcome":2,"ErrorMessage":"StringAssert.Contains failed. String '' does not contain string 'Invalid number.'. .","ErrorStackTrace":"   at CalculatorTest.TestCalculator.TestInvalidNumber_program() in C:\\Users\\erka\\source\\repos\\calculator\\CalculatorTest\\Test1.cs:line 100\r\n   at System.RuntimeMethodHandle.InvokeMethod(Object target, Void** arguments, Signature sig, Boolean isConstructor)\r\n   at System.Reflection.MethodBaseInvoker.InvokeWithNoArgs(Object obj, BindingFlags invokeAttr)\r\n","DisplayName":"TestInvalidNumber_program","Messages":[],"ComputerName":"WIN-4IEL88UCQOK","Duration":"00:00:00.5684565","StartTime":"2025-02-28T06:52:00.4209403-08:00","EndTime":"2025-02-28T06:52:00.9899728-08:00","Properties":[{"Key":{"Id":"ParentExecId","Label":"ParentExecId","Category":"","Description":"","Attributes":1,"ValueType":"System.Guid"},"Value":"00000000-0000-0000-0000-000000000000"},{"Key":{"Id":"ExecutionId","Label":"ExecutionId","Category":"","Description":"","Attributes":1,"ValueType":"System.Guid"},"Value":"00000000-0000-0000-0000-000000000000"},{"Key":{"Id":"InnerResultsCount","Label":"InnerResultsCount","Category":"","Description":"","Attributes":1,"ValueType":"System.Int32"},"Value":0}]}],"TestRunStatistics":{"ExecutedTests":6,"Stats":{"Passed":4,"Failed":2}},"ActiveTests":[]},"RunAttachments":[],"ExecutorUris":["executor://mstestadapter/v2"]}}
TpTrace Verbose: 0 : 3764, 11, 2025/02/28, 06:52:01.001, 411368362134, vstest.console.dll, TestRequestSender.EndSession: Sending end session.
TpTrace Verbose: 0 : 3764, 11, 2025/02/28, 06:52:01.001, 411368365060, vstest.console.dll, ProxyOperationManager.Close: waiting for test host to exit for 100 ms
TpTrace Verbose: 0 : 3764, 12, 2025/02/28, 06:52:01.010, 411368558797, vstest.console.dll, TestHostManagerCallbacks.StandardOutputReceivedCallback Test host standard output line: 
TpTrace Warning: 0 : 3764, 9, 2025/02/28, 06:52:01.010, 411368558803, vstest.console.dll, TestHostManagerCallbacks.ErrorReceivedCallback Test host standard error line: 
TpTrace Verbose: 0 : 3764, 9, 2025/02/28, 06:52:01.018, 411368753282, vstest.console.dll, TestHostProvider.ExitCallBack: Host exited starting callback.
TpTrace Information: 0 : 3764, 9, 2025/02/28, 06:52:01.018, 411368755280, vstest.console.dll, TestHostManagerCallbacks.ExitCallBack: Testhost processId: 9300 exited with exitcode: 0 error: ''
TpTrace Verbose: 0 : 3764, 9, 2025/02/28, 06:52:01.018, 411368755965, vstest.console.dll, DotnetTestHostManager.OnHostExited: invoking OnHostExited callback
TpTrace Verbose: 0 : 3764, 9, 2025/02/28, 06:52:01.018, 411368757076, vstest.console.dll, CrossPlatEngine.TestHostManagerHostExited: calling on client process exit callback.
TpTrace Information: 0 : 3764, 9, 2025/02/28, 06:52:01.018, 411368757992, vstest.console.dll, TestRequestSender.OnClientProcessExit: Test host process exited. Standard error: 
TpTrace Information: 0 : 3764, 9, 2025/02/28, 06:52:01.018, 411368758697, vstest.console.dll, SocketServer.Stop: Stop server endPoint: 127.0.0.1:51409
TpTrace Information: 0 : 3764, 9, 2025/02/28, 06:52:01.018, 411368759263, vstest.console.dll, SocketServer.Stop: Cancellation requested. Stopping message loop.
TpTrace Information: 0 : 3764, 11, 2025/02/28, 06:52:01.018, 411368758796, vstest.console.dll, SocketServer.Stop: Stop server endPoint: 127.0.0.1:51409
TpTrace Verbose: 0 : 3764, 9, 2025/02/28, 06:52:01.018, 411368760699, vstest.console.dll, MulticastDelegateUtilities.SafeInvoke: HostProviderEvents.OnHostExited: Invoking callback 1/1 for Microsoft.VisualStudio.TestPlatform.CrossPlatEngine.Client.ProxyOperationManager., took 0 ms.
TpTrace Information: 0 : 3764, 11, 2025/02/28, 06:52:01.018, 411368761153, vstest.console.dll, SocketServer.Stop: Cancellation requested. Stopping message loop.
TpTrace Information: 0 : 3764, 11, 2025/02/28, 06:52:01.018, 411368763174, vstest.console.dll, Closing the connection
TpTrace Verbose: 0 : 3764, 11, 2025/02/28, 06:52:01.018, 411368766395, vstest.console.dll, ProxyDataCollectionManager.InvokeDataCollectionServiceAction: Starting.
TpTrace Information: 0 : 3764, 11, 2025/02/28, 06:52:01.018, 411368767188, vstest.console.dll, ProxyDataCollectionManager.AfterTestRunEnd: Get attachment set and invoked data collectors processId: 10992 port: 51406
TpTrace Verbose: 0 : 3764, 11, 2025/02/28, 06:52:01.018, 411368768059, vstest.console.dll, DataCollectionRequestSender.SendAfterTestRunStartAndGetResult: Send AfterTestRunEnd message with isCancelled: False
TpTrace Verbose: 0 : 3764, 11, 2025/02/28, 06:52:01.021, 411368832836, vstest.console.dll, DataCollectionRequestSender.SendAfterTestRunStartAndGetResult: Received message: (DataCollection.AfterTestRunEndResult) -> {"MessageType":"DataCollection.AfterTestRunEndResult","Payload":{"AttachmentSets":[],"InvokedDataCollectors":[{"Uri":"datacollector://Microsoft/TestPlatform/Extensions/Blame/v1","FriendlyName":"Blame","AssemblyQualifiedName":"Microsoft.TestPlatform.Extensions.BlameDataCollector.BlameCollector, Microsoft.TestPlatform.Extensions.BlameDataCollector, Version=15.0.0.0, Culture=neutral, PublicKeyToken=b03f5f7f11d50a3a","FilePath":"C:\\Program Files\\dotnet\\sdk\\9.0.200\\Extensions\\Microsoft.TestPlatform.Extensions.BlameDataCollector.dll","HasAttachmentProcessor":false}],"Metrics":{}}}
TpTrace Information: 0 : 3764, 11, 2025/02/28, 06:52:01.024, 411368896941, vstest.console.dll, ProxyDataCollectionManager.InvokeDataCollectionServiceAction: Completed.
TpTrace Warning: 0 : 3764, 10, 2025/02/28, 06:52:01.024, 411368907473, vstest.console.dll, DataCollectionLauncher.ErrorReceivedCallback datacollector standard error line: 
TpTrace Information: 0 : 3764, 10, 2025/02/28, 06:52:01.029, 411369019637, vstest.console.dll, DataCollectionLauncher.ExitCallBack: Data collector exited with exitcode: 0 error: ''
TpTrace Verbose: 0 : 3764, 11, 2025/02/28, 06:52:01.039, 411369271111, vstest.console.dll, TestRunRequest:SendTestRunStatsChange: Starting.
TpTrace Verbose: 0 : 3764, 11, 2025/02/28, 06:52:01.039, 411369273073, vstest.console.dll, MulticastDelegateUtilities.SafeInvoke: TestRun.RunStatsChanged: Invoking callbacks was skipped because there are no subscribers.
TpTrace Information: 0 : 3764, 11, 2025/02/28, 06:52:01.039, 411369273965, vstest.console.dll, TestRunRequest:SendTestRunStatsChange: Completed.
TpTrace Verbose: 0 : 3764, 11, 2025/02/28, 06:52:01.040, 411369288649, vstest.console.dll, ParallelProxyExecutionManager: HandlePartialRunComplete: Total workloads = 1, Total started clients = 1 Total completed clients = 1, Run complete = True, Run canceled: False.
TpTrace Verbose: 0 : 3764, 11, 2025/02/28, 06:52:01.040, 411369289369, vstest.console.dll, ParallelProxyExecutionManager: HandlePartialRunComplete: All runs completed stopping all managers.
TpTrace Verbose: 0 : 3764, 11, 2025/02/28, 06:52:01.040, 411369290489, vstest.console.dll, ParallelOperationManager.StopAllManagers: Stopping all managers.
TpTrace Verbose: 0 : 3764, 11, 2025/02/28, 06:52:01.040, 411369293548, vstest.console.dll, ParallelOperationManager.ClearSlots: Clearing all slots. Slots should accept more work: False
TpTrace Verbose: 0 : 3764, 4, 2025/02/28, 06:52:01.040, 411369299405, vstest.console.dll, MulticastDelegateUtilities.SafeInvoke: InternalTestLoggerEvents.SendTestResult: Invoking callback 1/1 for Microsoft.VisualStudio.TestPlatform.CommandLine.Internal.ConsoleLogger., took 1 ms.
TpTrace Verbose: 0 : 3764, 11, 2025/02/28, 06:52:01.040, 411369299455, vstest.console.dll, ParallelOperationManager.SetOccupiedSlotCount: Setting slot counts AvailableSlotCount = 1, OccupiedSlotCount = 0.
TpTrace Verbose: 0 : 3764, 11, 2025/02/28, 06:52:01.041, 411369302787, vstest.console.dll, Occupied slots:

TpTrace Verbose: 0 : 3764, 4, 2025/02/28, 06:52:01.041, 411369305930, vstest.console.dll, MulticastDelegateUtilities.SafeInvoke: InternalTestLoggerEvents.SendTestResult: Invoking callback 1/1 for Microsoft.VisualStudio.TestPlatform.CommandLine.Internal.ConsoleLogger., took 0 ms.
TpTrace Verbose: 0 : 3764, 4, 2025/02/28, 06:52:01.045, 411369417029, vstest.console.dll, MulticastDelegateUtilities.SafeInvoke: InternalTestLoggerEvents.SendTestRunComplete: Invoking callback 1/2 for Microsoft.TestPlatform.Extensions.BlameDataCollector.BlameLogger., took 0 ms.
TpTrace Verbose: 0 : 3764, 4, 2025/02/28, 06:52:01.048, 411369473838, vstest.console.dll, MulticastDelegateUtilities.SafeInvoke: InternalTestLoggerEvents.SendTestRunComplete: Invoking callback 2/2 for Microsoft.VisualStudio.TestPlatform.CommandLine.Internal.ConsoleLogger., took 2 ms.
TpTrace Verbose: 0 : 3764, 11, 2025/02/28, 06:52:01.048, 411369481441, vstest.console.dll, TestRunRequest:TestRunComplete: Starting. IsAborted:False IsCanceled:False.
TpTrace Verbose: 0 : 3764, 11, 2025/02/28, 06:52:01.048, 411369484365, vstest.console.dll, ParallelOperationManager.DoActionOnAllManagers: Calling an action on all managers.
TpTrace Verbose: 0 : 3764, 11, 2025/02/28, 06:52:01.049, 411369493883, vstest.console.dll, TestLoggerManager.HandleTestRunComplete: Ignoring as the object is disposed.
TpTrace Verbose: 0 : 3764, 11, 2025/02/28, 06:52:01.049, 411369495704, vstest.console.dll, MulticastDelegateUtilities.SafeInvoke: TestRun.TestRunComplete: Invoking callback 1/2 for Microsoft.VisualStudio.TestPlatform.CommandLine.TestRunResultAggregator., took 0 ms.
TpTrace Verbose: 0 : 3764, 11, 2025/02/28, 06:52:01.049, 411369497033, vstest.console.dll, MulticastDelegateUtilities.SafeInvoke: TestRun.TestRunComplete: Invoking callback 2/2 for Microsoft.VisualStudio.TestPlatform.CommandLine.Processors.RunTestsArgumentExecutor+TestRunRequestEventsRegistrar., took 0 ms.
TpTrace Information: 0 : 3764, 11, 2025/02/28, 06:52:01.049, 411369501145, vstest.console.dll, TestRunRequest:TestRunComplete: Completed.
TpTrace Verbose: 0 : 3764, 11, 2025/02/28, 06:52:01.049, 411369502418, vstest.console.dll, TestRequestSender.SetOperationComplete: Setting operation complete.
TpTrace Verbose: 0 : 3764, 1, 2025/02/28, 06:52:01.049, 411369503367, vstest.console.dll, TestRunRequest.Dispose: Starting.
TpTrace Information: 0 : 3764, 1, 2025/02/28, 06:52:01.049, 411369506572, vstest.console.dll, TestRunRequest.Dispose: Completed.
TpTrace Information: 0 : 3764, 1, 2025/02/28, 06:52:01.049, 411369507601, vstest.console.dll, TestRequestManager.RunTests: run tests completed.
TpTrace Information: 0 : 3764, 11, 2025/02/28, 06:52:01.049, 411369505558, vstest.console.dll, SocketServer.Stop: Stop server endPoint: 127.0.0.1:51409
TpTrace Information: 0 : 3764, 11, 2025/02/28, 06:52:01.049, 411369510290, vstest.console.dll, SocketServer.Stop: Cancellation requested. Stopping message loop.
TpTrace Information: 0 : 3764, 1, 2025/02/28, 06:52:01.049, 411369511768, vstest.console.dll, RunTestsArgumentProcessor:Execute: Test run is completed.
TpTrace Verbose: 0 : 3764, 11, 2025/02/28, 06:52:01.049, 411369512225, vstest.console.dll, MulticastDelegateUtilities.SafeInvoke: LengthPrefixCommunicationChannel: MessageReceived: Invoking callback 1/1 for Microsoft.VisualStudio.TestPlatform.CommunicationUtilities.TestRequestSender+<>c__DisplayClass34_0., took 48 ms.
TpTrace Information: 0 : 3764, 11, 2025/02/28, 06:52:01.049, 411369514442, vstest.console.dll, SocketServer.PrivateStop: Stopping server endPoint: 127.0.0.1:51409 error: 
TpTrace Verbose: 0 : 3764, 1, 2025/02/28, 06:52:01.049, 411369516920, vstest.console.dll, Executor.Execute: Exiting with exit code of 1
TpTrace Verbose: 0 : 3764, 11, 2025/02/28, 06:52:01.050, 411369521059, vstest.console.dll, LengthPrefixCommunicationChannel.Dispose: Dispose reader and writer.
TpTrace Information: 0 : 3764, 11, 2025/02/28, 06:52:01.050, 411369522959, vstest.console.dll, SocketServer.Stop: Raise disconnected event endPoint: 127.0.0.1:51409 error: 
TpTrace Verbose: 0 : 3764, 11, 2025/02/28, 06:52:01.050, 411369524282, vstest.console.dll, TestRequestSender: OnTestRunAbort: Operation is already complete. Skip error message.
TpTrace Verbose: 0 : 3764, 11, 2025/02/28, 06:52:01.050, 411369524868, vstest.console.dll, MulticastDelegateUtilities.SafeInvoke: SocketServer: ClientDisconnected: Invoking callback 1/1 for Microsoft.VisualStudio.TestPlatform.CommunicationUtilities.TestRequestSender., took 0 ms.
TpTrace Verbose: 0 : 3764, 11, 2025/02/28, 06:52:01.050, 411369526224, vstest.console.dll, TcpClientExtensions.MessageLoopAsync: exiting MessageLoopAsync remoteEndPoint: 127.0.0.1:51410 localEndPoint: 127.0.0.1:51409
